Log file open, 12/08/19 19:02:02
LogWindows: Failed to load 'aqProf.dll' (GetLastError=126)
LogWindows: File 'aqProf.dll' does not exist
LogWindows: Failed to load 'VtuneApi.dll' (GetLastError=126)
LogWindows: File 'VtuneApi.dll' does not exist
LogWindows: Failed to load 'VtuneApi32e.dll' (GetLastError=126)
LogWindows: File 'VtuneApi32e.dll' does not exist
LogConsoleResponse: Display: Failed to find resolution value strings in scalability ini. Falling back to default.
LogInit: Display: Running engine for game: SibaStar
LogPlatformFile: Not using cached read wrapper
LogTaskGraph: Started task graph with 5 named threads and 23 total threads with 3 sets of task threads.
LogStats: Stats thread started at 0.069401
LogD3D11RHI: Loaded GFSDK_Aftermath_Lib.x64.dll
LogICUInternationalization: ICU TimeZone Detection - Raw Offset: +3:00, Platform Override: ''
LogPluginManager: Mounting plugin Paper2D
LogPluginManager: Mounting plugin AISupport
LogPluginManager: Mounting plugin LightPropagationVolume
LogPluginManager: Mounting plugin ActorLayerUtilities
LogPluginManager: Mounting plugin AnimationSharing
LogPluginManager: Mounting plugin CLionSourceCodeAccess
LogPluginManager: Mounting plugin CodeLiteSourceCodeAccess
LogPluginManager: Mounting plugin GitSourceControl
LogPluginManager: Mounting plugin KDevelopSourceCodeAccess
LogPluginManager: Mounting plugin NullSourceCodeAccess
LogPluginManager: Mounting plugin PerforceSourceControl
LogPluginManager: Mounting plugin SubversionSourceControl
LogPluginManager: Mounting plugin UObjectPlugin
LogPluginManager: Mounting plugin VisualStudioCodeSourceCodeAccess
LogPluginManager: Mounting plugin VisualStudioSourceCodeAccess
LogPluginManager: Mounting plugin XCodeSourceCodeAccess
LogPluginManager: Mounting plugin AssetManagerEditor
LogPluginManager: Mounting plugin CryptoKeys
LogPluginManager: Mounting plugin CurveEditorTools
LogPluginManager: Mounting plugin DataValidation
LogPluginManager: Mounting plugin FacialAnimation
LogPluginManager: Mounting plugin GameplayTagsEditor
LogPluginManager: Mounting plugin MacGraphicsSwitching
LogPluginManager: Mounting plugin MaterialAnalyzer
LogPluginManager: Mounting plugin MobileLauncherProfileWizard
LogPluginManager: Mounting plugin PluginBrowser
LogPluginManager: Mounting plugin SpeedTreeImporter
LogPluginManager: Mounting plugin DatasmithContent
LogPluginManager: Mounting plugin VariantManagerContent
LogPluginManager: Mounting plugin AlembicImporter
LogPluginManager: Mounting plugin AutomationUtils
LogPluginManager: Mounting plugin BackChannel
LogPluginManager: Mounting plugin CharacterAI
LogPluginManager: Mounting plugin GeometryCache
LogPluginManager: Mounting plugin HTML5Networking
LogPluginManager: Mounting plugin PlatformCrypto
LogPluginManager: Mounting plugin ProxyLODPlugin
LogPluginManager: Mounting plugin SkeletalReduction
LogPluginManager: Mounting plugin MagicLeap
LogPluginManager: Mounting plugin MagicLeapMedia
LogPluginManager: Mounting plugin AndroidMedia
LogPluginManager: Mounting plugin AvfMedia
LogPluginManager: Mounting plugin ImgMedia
LogPluginManager: Mounting plugin MediaCompositing
LogPluginManager: Mounting plugin MediaPlayerEditor
LogPluginManager: Mounting plugin WebMMedia
LogPluginManager: Mounting plugin WmfMedia
LogPluginManager: Mounting plugin TcpMessaging
LogPluginManager: Mounting plugin UdpMessaging
LogPluginManager: Mounting plugin ActorSequence
LogPluginManager: Mounting plugin LevelSequenceEditor
LogPluginManager: Mounting plugin MatineeToLevelSequence
LogPluginManager: Mounting plugin NetcodeUnitTest
LogPluginManager: Mounting plugin NUTUnrealEngine4
LogPluginManager: Mounting plugin OnlineSubsystemGooglePlay
LogPluginManager: Mounting plugin OnlineSubsystemIOS
LogPluginManager: Mounting plugin OnlineSubsystem
LogPluginManager: Mounting plugin OnlineSubsystemNull
LogPluginManager: Mounting plugin OnlineSubsystemUtils
LogPluginManager: Mounting plugin LauncherChunkInstaller
LogPluginManager: Mounting plugin AndroidDeviceProfileSelector
LogPluginManager: Mounting plugin AndroidMoviePlayer
LogPluginManager: Mounting plugin AndroidPermission
LogPluginManager: Mounting plugin AppleImageUtils
LogPluginManager: Mounting plugin AppleMoviePlayer
LogPluginManager: Mounting plugin ArchVisCharacter
LogPluginManager: Mounting plugin AudioCapture
LogPluginManager: Mounting plugin CableComponent
LogPluginManager: Mounting plugin CustomMeshComponent
LogPluginManager: Mounting plugin EditableMesh
LogPluginManager: Mounting plugin ExampleDeviceProfileSelector
LogPluginManager: Mounting plugin GoogleCloudMessaging
LogPluginManager: Mounting plugin IOSDeviceProfileSelector
LogPluginManager: Mounting plugin LinuxDeviceProfileSelector
LogPluginManager: Mounting plugin LocationServicesBPLibrary
LogPluginManager: Mounting plugin MobilePatchingUtils
LogPluginManager: Mounting plugin OculusVR
LogPluginManager: Mounting plugin PhysXVehicles
LogPluginManager: Mounting plugin ProceduralMeshComponent
LogPluginManager: Mounting plugin RuntimePhysXCooking
LogPluginManager: Mounting plugin SignificanceManager
LogPluginManager: Mounting plugin SteamVR
LogPluginManager: Mounting plugin WebMMoviePlayer
LogPluginManager: Mounting plugin WindowsMoviePlayer
LogPluginManager: Mounting plugin ScreenshotTools
LogInit: Using libcurl 7.55.1-DEV
LogInit:  - built for x86_64-pc-win32
LogInit:  - supports SSL with OpenSSL/1.1.1
LogInit:  - supports HTTP deflate (compression) using libz 1.2.8
LogInit:  - other features:
LogInit:      CURL_VERSION_SSL
LogInit:      CURL_VERSION_LIBZ
LogInit:      CURL_VERSION_IPV6
LogInit:      CURL_VERSION_ASYNCHDNS
LogInit:      CURL_VERSION_LARGEFILE
LogInit:      CURL_VERSION_IDN
LogInit:  CurlRequestOptions (configurable via config and command line):
LogInit:  - bVerifyPeer = true  - Libcurl will verify peer certificate
LogInit:  - bUseHttpProxy = false  - Libcurl will NOT use HTTP proxy
LogInit:  - bDontReuseConnections = false  - Libcurl will reuse connections
LogInit:  - MaxHostConnections = 16  - Libcurl will limit the number of connections to a host
LogInit:  - LocalHostAddr = Default
LogInit:  - BufferSize = 65536
LogOnline: OSS: Creating online subsystem instance for: NULL
LogInit: WinSock: version 1.1 (2.2), MaxSocks=32767, MaxUdp=65467
LogInit: Build: ++UE4+Release-4.23-CL-8386587
LogInit: Engine Version: 4.23.0-8386587+++UE4+Release-4.23
LogInit: Compatible Engine Version: 4.23.0-8386587+++UE4+Release-4.23
LogInit: Net CL: 8386587
LogInit: OS: Windows 10 (Release 1903) (), CPU: Intel(R) Core(TM) i7-7700HQ CPU @ 2.80GHz, GPU: Intel(R) HD Graphics 630
LogInit: Compiled (64-bit): Aug 31 2019 02:04:44
LogInit: Compiled with Visual C++: 19.16.27030.01
LogInit: Build Configuration: Development
LogInit: Branch Name: ++UE4+Release-4.23
LogInit: Command Line:  -EpicPortal -epiclocale=ru-RU
LogInit: Base Directory: D:/programs/UE_4.23/Engine/Binaries/Win64/
LogInit: Installed Engine Build: 1
LogDevObjectVersion: Number of dev versions registered: 23
LogDevObjectVersion:   Dev-Blueprints (B0D832E4-1F89-4F0D-ACCF-7EB736FD4AA2): 10
LogDevObjectVersion:   Dev-Build (E1C64328-A22C-4D53-A36C-8E866417BD8C): 0
LogDevObjectVersion:   Dev-Core (375EC13C-06E4-48FB-B500-84F0262A717E): 3
LogDevObjectVersion:   Dev-Editor (E4B068ED-F494-42E9-A231-DA0B2E46BB41): 34
LogDevObjectVersion:   Dev-Framework (CFFC743F-43B0-4480-9391-14DF171D2073): 35
LogDevObjectVersion:   Dev-Mobile (B02B49B5-BB20-44E9-A304-32B752E40360): 2
LogDevObjectVersion:   Dev-Networking (A4E4105C-59A1-49B5-A7C5-40C4547EDFEE): 0
LogDevObjectVersion:   Dev-Online (39C831C9-5AE6-47DC-9A44-9C173E1C8E7C): 0
LogDevObjectVersion:   Dev-Physics (78F01B33-EBEA-4F98-B9B4-84EACCB95AA2): 0
LogDevObjectVersion:   Dev-Platform (6631380F-2D4D-43E0-8009-CF276956A95A): 0
LogDevObjectVersion:   Dev-Rendering (12F88B9F-8875-4AFC-A67C-D90C383ABD29): 31
LogDevObjectVersion:   Dev-Sequencer (7B5AE74C-D270-4C10-A958-57980B212A5A): 11
LogDevObjectVersion:   Dev-VR (D7296918-1DD6-4BDD-9DE2-64A83CC13884): 2
LogDevObjectVersion:   Dev-LoadTimes (C2A15278-BFE7-4AFE-6C17-90FF531DF755): 1
LogDevObjectVersion:   Private-Geometry (6EACA3D4-40EC-4CC1-B786-8BED09428FC5): 3
LogDevObjectVersion:   Dev-AnimPhys (29E575DD-E0A3-4627-9D10-D276232CDCEA): 17
LogDevObjectVersion:   Dev-Anim (AF43A65D-7FD3-4947-9873-3E8ED9C1BB05): 2
LogDevObjectVersion:   Dev-ReflectionCapture (6B266CEC-1EC7-4B8F-A30B-E4D90942FC07): 1
LogDevObjectVersion:   Dev-Automation (0DF73D61-A23F-47EA-B727-89E90C41499A): 1
LogDevObjectVersion:   FortniteMain (601D1886-AC64-4F84-AA16-D3DE0DEAC7D6): 27
LogDevObjectVersion:   Dev-Enterprise (9DFFBCD6-494F-0158-E221-12823C92A888): 6
LogDevObjectVersion:   Dev-Niagara (F2AED0AC-9AFE-416F-8664-AA7FFA26D6FC): 1
LogDevObjectVersion:   Dev-Destruction (174F1F0B-B4C6-45A5-B13F-2EE8D0FB917D): 9
LogInit: Presizing for max 16777216 objects, including 0 objects not considered by GC, pre-allocating 0 bytes for permanent pool.
LogInit: Object subsystem initialized
LogConfig: Setting CVar [[con.DebugEarlyDefault:1]]
LogConfig: Setting CVar [[r.setres:1280x720]]
[2019.12.08-16.02.02:850][  0]LogConfig: Setting CVar [[r.VSync:0]]
[2019.12.08-16.02.02:850][  0]LogConfig: Setting CVar [[r.RHICmdBypass:0]]
[2019.12.08-16.02.02:850][  0]LogConfig: Applying CVar settings from Section [/Script/Engine.RendererSettings] File [D:/Eshiba/github/SibaStar/SibaStar/Saved/Config/Windows/Engine.ini]
[2019.12.08-16.02.02:850][  0]LogConfig: Setting CVar [[r.GPUCrashDebugging:0]]
[2019.12.08-16.02.02:850][  0]LogConfig: Setting CVar [[r.MobileHDR:1]]
[2019.12.08-16.02.02:850][  0]LogConfig: Setting CVar [[r.Mobile.DisableVertexFog:1]]
[2019.12.08-16.02.02:850][  0]LogConfig: Setting CVar [[r.Shadow.CSM.MaxMobileCascades:2]]
[2019.12.08-16.02.02:850][  0]LogConfig: Setting CVar [[r.MobileMSAA:1]]
[2019.12.08-16.02.02:850][  0]LogConfig: Setting CVar [[r.Mobile.UseLegacyShadingModel:0]]
[2019.12.08-16.02.02:850][  0]LogConfig: Setting CVar [[r.Mobile.UseHWsRGBEncoding:0]]
[2019.12.08-16.02.02:850][  0]LogConfig: Setting CVar [[r.Mobile.AllowDitheredLODTransition:0]]
[2019.12.08-16.02.02:850][  0]LogConfig: Setting CVar [[r.Mobile.AllowSoftwareOcclusion:0]]
[2019.12.08-16.02.02:850][  0]LogConfig: Setting CVar [[r.DiscardUnusedQuality:0]]
[2019.12.08-16.02.02:850][  0]LogConfig: Setting CVar [[r.AllowOcclusionQueries:1]]
[2019.12.08-16.02.02:850][  0]LogConfig: Setting CVar [[r.MinScreenRadiusForLights:0.030000]]
[2019.12.08-16.02.02:850][  0]LogConfig: Setting CVar [[r.MinScreenRadiusForDepthPrepass:0.030000]]
[2019.12.08-16.02.02:850][  0]LogConfig: Setting CVar [[r.MinScreenRadiusForCSMDepth:0.010000]]
[2019.12.08-16.02.02:850][  0]LogConfig: Setting CVar [[r.PrecomputedVisibilityWarning:0]]
[2019.12.08-16.02.02:850][  0]LogConfig: Setting CVar [[r.TextureStreaming:1]]
[2019.12.08-16.02.02:850][  0]LogConfig: Setting CVar [[Compat.UseDXT5NormalMaps:0]]
[2019.12.08-16.02.02:850][  0]LogConfig: Setting CVar [[r.VirtualTextures:0]]
[2019.12.08-16.02.02:850][  0]LogConfig: Setting CVar [[r.VirtualTexturedLightmaps:0]]
[2019.12.08-16.02.02:850][  0]LogConfig: Setting CVar [[r.VT.TileSize:128]]
[2019.12.08-16.02.02:850][  0]LogConfig: Setting CVar [[r.VT.TileBorderSize:4]]
[2019.12.08-16.02.02:850][  0]LogConfig: Setting CVar [[r.vt.FeedbackFactor:16]]
[2019.12.08-16.02.02:850][  0]LogConfig: Setting CVar [[r.VT.EnableCompressZlib:1]]
[2019.12.08-16.02.02:850][  0]LogConfig: Setting CVar [[r.VT.EnableCompressCrunch:0]]
[2019.12.08-16.02.02:850][  0]LogConfig: Setting CVar [[r.ClearCoatNormal:0]]
[2019.12.08-16.02.02:850][  0]LogConfig: Setting CVar [[r.ReflectionCaptureResolution:128]]
[2019.12.08-16.02.02:850][  0]LogConfig: Setting CVar [[r.ReflectionEnvironmentLightmapMixBasedOnRoughness:1]]
[2019.12.08-16.02.02:850][  0]LogConfig: Setting CVar [[r.ForwardShading:0]]
[2019.12.08-16.02.02:850][  0]LogConfig: Setting CVar [[r.VertexFoggingForOpaque:1]]
[2019.12.08-16.02.02:850][  0]LogConfig: Setting CVar [[r.AllowStaticLighting:1]]
[2019.12.08-16.02.02:851][  0]LogConfig: Setting CVar [[r.NormalMapsForStaticLighting:0]]
[2019.12.08-16.02.02:851][  0]LogConfig: Setting CVar [[r.GenerateMeshDistanceFields:0]]
[2019.12.08-16.02.02:851][  0]LogConfig: Setting CVar [[r.DistanceFieldBuild.EightBit:0]]
[2019.12.08-16.02.02:851][  0]LogConfig: Setting CVar [[r.GenerateLandscapeGIData:0]]
[2019.12.08-16.02.02:851][  0]LogConfig: Setting CVar [[r.DistanceFieldBuild.Compress:0]]
[2019.12.08-16.02.02:851][  0]LogConfig: Setting CVar [[r.TessellationAdaptivePixelsPerTriangle:48.000000]]
[2019.12.08-16.02.02:851][  0]LogConfig: Setting CVar [[r.SeparateTranslucency:1]]
[2019.12.08-16.02.02:851][  0]LogConfig: Setting CVar [[r.TranslucentSortPolicy:0]]
[2019.12.08-16.02.02:851][  0]LogConfig: Setting CVar [[r.CustomDepth:1]]
[2019.12.08-16.02.02:851][  0]LogConfig: Setting CVar [[r.CustomDepthTemporalAAJitter:1]]
[2019.12.08-16.02.02:851][  0]LogConfig: Setting CVar [[r.PostProcessing.PropagateAlpha:0]]
[2019.12.08-16.02.02:851][  0]LogConfig: Setting CVar [[r.DefaultFeature.Bloom:1]]
[2019.12.08-16.02.02:851][  0]LogConfig: Setting CVar [[r.DefaultFeature.AmbientOcclusion:1]]
[2019.12.08-16.02.02:851][  0]LogConfig: Setting CVar [[r.DefaultFeature.AmbientOcclusionStaticFraction:1]]
[2019.12.08-16.02.02:851][  0]LogConfig: Setting CVar [[r.DefaultFeature.AutoExposure:1]]
[2019.12.08-16.02.02:851][  0]LogConfig: Setting CVar [[r.DefaultFeature.AutoExposure.Method:0]]
[2019.12.08-16.02.02:851][  0]LogConfig: Setting CVar [[r.DefaultFeature.AutoExposure.ExtendDefaultLuminanceRange:0]]
[2019.12.08-16.02.02:851][  0]LogConfig: Setting CVar [[r.UsePreExposure:1]]
[2019.12.08-16.02.02:851][  0]LogConfig: Setting CVar [[r.EyeAdaptation.EditorOnly:1]]
[2019.12.08-16.02.02:851][  0]LogConfig: Setting CVar [[r.DefaultFeature.MotionBlur:1]]
[2019.12.08-16.02.02:851][  0]LogConfig: Setting CVar [[r.DefaultFeature.LensFlare:0]]
[2019.12.08-16.02.02:851][  0]LogConfig: Setting CVar [[r.TemporalAA.Upsampling:0]]
[2019.12.08-16.02.02:851][  0]LogConfig: Setting CVar [[r.DefaultFeature.AntiAliasing:2]]
[2019.12.08-16.02.02:851][  0]LogConfig: Setting CVar [[r.DefaultFeature.LightUnits:1]]
[2019.12.08-16.02.02:851][  0]LogConfig: Setting CVar [[r.DefaultBackBufferPixelFormat:4]]
[2019.12.08-16.02.02:851][  0]LogConfig: Setting CVar [[r.Shadow.UnbuiltPreviewInGame:1]]
[2019.12.08-16.02.02:851][  0]LogConfig: Setting CVar [[r.StencilForLODDither:0]]
[2019.12.08-16.02.02:851][  0]LogConfig: Setting CVar [[r.EarlyZPass:3]]
[2019.12.08-16.02.02:851][  0]LogConfig: Setting CVar [[r.EarlyZPassOnlyMaterialMasking:0]]
[2019.12.08-16.02.02:851][  0]LogConfig: Setting CVar [[r.DBuffer:1]]
[2019.12.08-16.02.02:851][  0]LogConfig: Setting CVar [[r.ClearSceneMethod:1]]
[2019.12.08-16.02.02:851][  0]LogConfig: Setting CVar [[r.BasePassOutputsVelocity:0]]
[2019.12.08-16.02.02:851][  0]LogConfig: Setting CVar [[r.SelectiveBasePassOutputs:0]]
[2019.12.08-16.02.02:851][  0]LogConfig: Setting CVar [[fx.GPUSimulationTextureSizeX:1024]]
[2019.12.08-16.02.02:851][  0]LogConfig: Setting CVar [[fx.GPUSimulationTextureSizeY:1024]]
[2019.12.08-16.02.02:852][  0]LogConfig: Setting CVar [[r.AllowGlobalClipPlane:0]]
[2019.12.08-16.02.02:852][  0]LogConfig: Setting CVar [[r.GBufferFormat:1]]
[2019.12.08-16.02.02:852][  0]LogConfig: Setting CVar [[r.MorphTarget.Mode:1]]
[2019.12.08-16.02.02:852][  0]LogConfig: Setting CVar [[vr.InstancedStereo:0]]
[2019.12.08-16.02.02:852][  0]LogConfig: Setting CVar [[vr.MultiView:0]]
[2019.12.08-16.02.02:852][  0]LogConfig: Setting CVar [[vr.MobileMultiView:0]]
[2019.12.08-16.02.02:852][  0]LogConfig: Setting CVar [[vr.MobileMultiView.Direct:0]]
[2019.12.08-16.02.02:852][  0]LogConfig: Setting CVar [[vr.RoundRobinOcclusion:0]]
[2019.12.08-16.02.02:852][  0]LogConfig: Setting CVar [[vr.ODSCapture:0]]
[2019.12.08-16.02.02:852][  0]LogConfig: Setting CVar [[r.WireframeCullThreshold:5.000000]]
[2019.12.08-16.02.02:852][  0]LogConfig: Setting CVar [[r.RayTracing:0]]
[2019.12.08-16.02.02:852][  0]LogConfig: Setting CVar [[r.SupportStationarySkylight:1]]
[2019.12.08-16.02.02:852][  0]LogConfig: Setting CVar [[r.SupportLowQualityLightmaps:1]]
[2019.12.08-16.02.02:852][  0]LogConfig: Setting CVar [[r.SupportPointLightWholeSceneShadows:1]]
[2019.12.08-16.02.02:852][  0]LogConfig: Setting CVar [[r.SupportAtmosphericFog:1]]
[2019.12.08-16.02.02:852][  0]LogConfig: Setting CVar [[r.SkinCache.CompileShaders:0]]
[2019.12.08-16.02.02:852][  0]LogConfig: Setting CVar [[r.Mobile.EnableStaticAndCSMShadowReceivers:1]]
[2019.12.08-16.02.02:852][  0]LogConfig: Setting CVar [[r.Mobile.EnableMovableLightCSMShaderCulling:1]]
[2019.12.08-16.02.02:852][  0]LogConfig: Setting CVar [[r.Mobile.AllowDistanceFieldShadows:1]]
[2019.12.08-16.02.02:852][  0]LogConfig: Setting CVar [[r.Mobile.AllowMovableDirectionalLights:1]]
[2019.12.08-16.02.02:852][  0]LogConfig: Setting CVar [[r.MobileNumDynamicPointLights:4]]
[2019.12.08-16.02.02:852][  0]LogConfig: Setting CVar [[r.MobileDynamicPointLightsUseStaticBranch:1]]
[2019.12.08-16.02.02:852][  0]LogConfig: Setting CVar [[r.Mobile.EnableMovableSpotlights:0]]
[2019.12.08-16.02.02:852][  0]LogConfig: Setting CVar [[r.SkinCache.SceneMemoryLimitInMB:128.000000]]
[2019.12.08-16.02.02:852][  0]LogConfig: Setting CVar [[r.GPUSkin.Limit2BoneInfluences:0]]
[2019.12.08-16.02.02:852][  0]LogConfig: Setting CVar [[r.SupportDepthOnlyIndexBuffers:1]]
[2019.12.08-16.02.02:852][  0]LogConfig: Setting CVar [[r.SupportReversedIndexBuffers:1]]
[2019.12.08-16.02.02:852][  0]LogConfig: Setting CVar [[r.SupportMaterialLayers:0]]
[2019.12.08-16.02.02:852][  0]LogConfig: Applying CVar settings from Section [/Script/Engine.RendererOverrideSettings] File [D:/Eshiba/github/SibaStar/SibaStar/Saved/Config/Windows/Engine.ini]
[2019.12.08-16.02.02:852][  0]LogConfig: Applying CVar settings from Section [/Script/Engine.StreamingSettings] File [D:/Eshiba/github/SibaStar/SibaStar/Saved/Config/Windows/Engine.ini]
[2019.12.08-16.02.02:852][  0]LogConfig: Setting CVar [[s.MinBulkDataSizeForAsyncLoading:131072]]
[2019.12.08-16.02.02:852][  0]LogConfig: Setting CVar [[s.AsyncLoadingThreadEnabled:0]]
[2019.12.08-16.02.02:852][  0]LogConfig: Setting CVar [[s.EventDrivenLoaderEnabled:1]]
[2019.12.08-16.02.02:852][  0]LogConfig: Setting CVar [[s.WarnIfTimeLimitExceeded:0]]
[2019.12.08-16.02.02:852][  0]LogConfig: Setting CVar [[s.TimeLimitExceededMultiplier:1.5]]
[2019.12.08-16.02.02:852][  0]LogConfig: Setting CVar [[s.TimeLimitExceededMinTime:0.005]]
[2019.12.08-16.02.02:852][  0]LogConfig: Setting CVar [[s.UseBackgroundLevelStreaming:1]]
[2019.12.08-16.02.02:852][  0]LogConfig: Setting CVar [[s.PriorityAsyncLoadingExtraTime:15.0]]
[2019.12.08-16.02.02:852][  0]LogConfig: Setting CVar [[s.LevelStreamingActorsUpdateTimeLimit:5.0]]
[2019.12.08-16.02.02:852][  0]LogConfig: Setting CVar [[s.PriorityLevelStreamingActorsUpdateExtraTime:5.0]]
[2019.12.08-16.02.02:852][  0]LogConfig: Setting CVar [[s.LevelStreamingComponentsRegistrationGranularity:10]]
[2019.12.08-16.02.02:852][  0]LogConfig: Setting CVar [[s.UnregisterComponentsTimeLimit:1.0]]
[2019.12.08-16.02.02:852][  0]LogConfig: Setting CVar [[s.LevelStreamingComponentsUnregistrationGranularity:5]]
[2019.12.08-16.02.02:852][  0]LogConfig: Applying CVar settings from Section [/Script/Engine.GarbageCollectionSettings] File [D:/Eshiba/github/SibaStar/SibaStar/Saved/Config/Windows/Engine.ini]
[2019.12.08-16.02.02:852][  0]LogConfig: Setting CVar [[gc.MaxObjectsNotConsideredByGC:1]]
[2019.12.08-16.02.02:853][  0]LogConfig: Setting CVar [[gc.SizeOfPermanentObjectPool:0]]
[2019.12.08-16.02.02:853][  0]LogConfig: Setting CVar [[gc.FlushStreamingOnGC:0]]
[2019.12.08-16.02.02:853][  0]LogConfig: Setting CVar [[gc.NumRetriesBeforeForcingGC:10]]
[2019.12.08-16.02.02:853][  0]LogConfig: Setting CVar [[gc.AllowParallelGC:1]]
[2019.12.08-16.02.02:853][  0]LogConfig: Setting CVar [[gc.TimeBetweenPurgingPendingKillObjects:61.1]]
[2019.12.08-16.02.02:853][  0]LogConfig: Setting CVar [[gc.MaxObjectsInEditor:16777216]]
[2019.12.08-16.02.02:853][  0]LogConfig: Setting CVar [[gc.IncrementalBeginDestroyEnabled:1]]
[2019.12.08-16.02.02:853][  0]LogConfig: Setting CVar [[gc.CreateGCClusters:1]]
[2019.12.08-16.02.02:853][  0]LogConfig: Setting CVar [[gc.MinGCClusterSize:5]]
[2019.12.08-16.02.02:853][  0]LogConfig: Setting CVar [[gc.ActorClusteringEnabled:0]]
[2019.12.08-16.02.02:853][  0]LogConfig: Setting CVar [[gc.BlueprintClusteringEnabled:0]]
[2019.12.08-16.02.02:853][  0]LogConfig: Setting CVar [[gc.UseDisregardForGCOnDedicatedServers:0]]
[2019.12.08-16.02.02:853][  0]LogConfig: Applying CVar settings from Section [/Script/Engine.NetworkSettings] File [D:/Eshiba/github/SibaStar/SibaStar/Saved/Config/Windows/Engine.ini]
[2019.12.08-16.02.02:853][  0]LogConfig: Applying CVar settings from Section [/Script/UnrealEd.CookerSettings] File [D:/Eshiba/github/SibaStar/SibaStar/Saved/Config/Windows/Engine.ini]
[2019.12.08-16.02.02:856][  0]LogConfig: Applying CVar settings from Section [ViewDistanceQuality@3] File [D:/Eshiba/github/SibaStar/SibaStar/Saved/Config/Windows/Scalability.ini]
[2019.12.08-16.02.02:856][  0]LogConfig: Setting CVar [[r.SkeletalMeshLODBias:0]]
[2019.12.08-16.02.02:856][  0]LogConfig: Setting CVar [[r.ViewDistanceScale:1.0]]
[2019.12.08-16.02.02:856][  0]LogConfig: Applying CVar settings from Section [AntiAliasingQuality@3] File [D:/Eshiba/github/SibaStar/SibaStar/Saved/Config/Windows/Scalability.ini]
[2019.12.08-16.02.02:856][  0]LogConfig: Setting CVar [[r.PostProcessAAQuality:4]]
[2019.12.08-16.02.02:856][  0]LogConfig: Applying CVar settings from Section [ShadowQuality@3] File [D:/Eshiba/github/SibaStar/SibaStar/Saved/Config/Windows/Scalability.ini]
[2019.12.08-16.02.02:856][  0]LogConfig: Setting CVar [[r.LightFunctionQuality:1]]
[2019.12.08-16.02.02:856][  0]LogConfig: Setting CVar [[r.ShadowQuality:5]]
[2019.12.08-16.02.02:856][  0]LogConfig: Setting CVar [[r.Shadow.CSM.MaxCascades:10]]
[2019.12.08-16.02.02:856][  0]LogConfig: Setting CVar [[r.Shadow.MaxResolution:2048]]
[2019.12.08-16.02.02:856][  0]LogConfig: Setting CVar [[r.Shadow.MaxCSMResolution:2048]]
[2019.12.08-16.02.02:856][  0]LogConfig: Setting CVar [[r.Shadow.RadiusThreshold:0.01]]
[2019.12.08-16.02.02:856][  0]LogConfig: Setting CVar [[r.Shadow.DistanceScale:1.0]]
[2019.12.08-16.02.02:856][  0]LogConfig: Setting CVar [[r.Shadow.CSM.TransitionScale:1.0]]
[2019.12.08-16.02.02:856][  0]LogConfig: Setting CVar [[r.Shadow.PreShadowResolutionFactor:1.0]]
[2019.12.08-16.02.02:856][  0]LogConfig: Setting CVar [[r.DistanceFieldShadowing:1]]
[2019.12.08-16.02.02:856][  0]LogConfig: Setting CVar [[r.DistanceFieldAO:1]]
[2019.12.08-16.02.02:856][  0]LogConfig: Setting CVar [[r.AOQuality:2]]
[2019.12.08-16.02.02:856][  0]LogConfig: Setting CVar [[r.VolumetricFog:1]]
[2019.12.08-16.02.02:856][  0]LogConfig: Setting CVar [[r.VolumetricFog.GridPixelSize:8]]
[2019.12.08-16.02.02:856][  0]LogConfig: Setting CVar [[r.VolumetricFog.GridSizeZ:128]]
[2019.12.08-16.02.02:856][  0]LogConfig: Setting CVar [[r.VolumetricFog.HistoryMissSupersampleCount:4]]
[2019.12.08-16.02.02:856][  0]LogConfig: Setting CVar [[r.LightMaxDrawDistanceScale:1]]
[2019.12.08-16.02.02:856][  0]LogConfig: Setting CVar [[r.CapsuleShadows:1]]
[2019.12.08-16.02.02:856][  0]LogConfig: Applying CVar settings from Section [PostProcessQuality@3] File [D:/Eshiba/github/SibaStar/SibaStar/Saved/Config/Windows/Scalability.ini]
[2019.12.08-16.02.02:856][  0]LogConfig: Setting CVar [[r.MotionBlurQuality:4]]
[2019.12.08-16.02.02:856][  0]LogConfig: Setting CVar [[r.AmbientOcclusionMipLevelFactor:0.4]]
[2019.12.08-16.02.02:856][  0]LogConfig: Setting CVar [[r.AmbientOcclusionMaxQuality:100]]
[2019.12.08-16.02.02:856][  0]LogConfig: Setting CVar [[r.AmbientOcclusionLevels:-1]]
[2019.12.08-16.02.02:856][  0]LogConfig: Setting CVar [[r.AmbientOcclusionRadiusScale:1.0]]
[2019.12.08-16.02.02:856][  0]LogConfig: Setting CVar [[r.DepthOfFieldQuality:2]]
[2019.12.08-16.02.02:856][  0]LogConfig: Setting CVar [[r.RenderTargetPoolMin:400]]
[2019.12.08-16.02.02:856][  0]LogConfig: Setting CVar [[r.LensFlareQuality:2]]
[2019.12.08-16.02.02:856][  0]LogConfig: Setting CVar [[r.SceneColorFringeQuality:1]]
[2019.12.08-16.02.02:856][  0]LogConfig: Setting CVar [[r.EyeAdaptationQuality:2]]
[2019.12.08-16.02.02:856][  0]LogConfig: Setting CVar [[r.BloomQuality:5]]
[2019.12.08-16.02.02:856][  0]LogConfig: Setting CVar [[r.FastBlurThreshold:100]]
[2019.12.08-16.02.02:856][  0]LogConfig: Setting CVar [[r.Upscale.Quality:3]]
[2019.12.08-16.02.02:856][  0]LogConfig: Setting CVar [[r.Tonemapper.GrainQuantization:1]]
[2019.12.08-16.02.02:856][  0]LogConfig: Setting CVar [[r.LightShaftQuality:1]]
[2019.12.08-16.02.02:856][  0]LogConfig: Setting CVar [[r.Filter.SizeScale:1]]
[2019.12.08-16.02.02:856][  0]LogConfig: Setting CVar [[r.Tonemapper.Quality:5]]
[2019.12.08-16.02.02:856][  0]LogConfig: Setting CVar [[r.DOF.Gather.AccumulatorQuality:1        ; higher gathering accumulator quality]]
[2019.12.08-16.02.02:856][  0]LogConfig: Setting CVar [[r.DOF.Gather.PostfilterMethod:1          ; Median3x3 postfilering method]]
[2019.12.08-16.02.02:856][  0]LogConfig: Setting CVar [[r.DOF.Gather.EnableBokehSettings:0       ; no bokeh simulation when gathering]]
[2019.12.08-16.02.02:856][  0]LogConfig: Setting CVar [[r.DOF.Gather.RingCount:4                 ; medium number of samples when gathering]]
[2019.12.08-16.02.02:856][  0]LogConfig: Setting CVar [[r.DOF.Scatter.ForegroundCompositing:1    ; additive foreground scattering]]
[2019.12.08-16.02.02:856][  0]LogConfig: Setting CVar [[r.DOF.Scatter.BackgroundCompositing:2    ; additive background scattering]]
[2019.12.08-16.02.02:856][  0]LogConfig: Setting CVar [[r.DOF.Scatter.EnableBokehSettings:1      ; bokeh simulation when scattering]]
[2019.12.08-16.02.02:856][  0]LogConfig: Setting CVar [[r.DOF.Scatter.MaxSpriteRatio:0.1         ; only a maximum of 10% of scattered bokeh]]
[2019.12.08-16.02.02:856][  0]LogConfig: Setting CVar [[r.DOF.Recombine.Quality:1                ; cheap slight out of focus]]
[2019.12.08-16.02.02:856][  0]LogConfig: Setting CVar [[r.DOF.Recombine.EnableBokehSettings:0    ; no bokeh simulation on slight out of focus]]
[2019.12.08-16.02.02:856][  0]LogConfig: Setting CVar [[r.DOF.TemporalAAQuality:1                ; more stable temporal accumulation]]
[2019.12.08-16.02.02:856][  0]LogConfig: Setting CVar [[r.DOF.Kernel.MaxForegroundRadius:0.025]]
[2019.12.08-16.02.02:856][  0]LogConfig: Setting CVar [[r.DOF.Kernel.MaxBackgroundRadius:0.025]]
[2019.12.08-16.02.02:857][  0]LogConfig: Applying CVar settings from Section [TextureQuality@3] File [D:/Eshiba/github/SibaStar/SibaStar/Saved/Config/Windows/Scalability.ini]
[2019.12.08-16.02.02:857][  0]LogConfig: Setting CVar [[r.Streaming.MipBias:0]]
[2019.12.08-16.02.02:857][  0]LogConfig: Setting CVar [[r.Streaming.AmortizeCPUToGPUCopy:0]]
[2019.12.08-16.02.02:857][  0]LogConfig: Setting CVar [[r.Streaming.MaxNumTexturesToStreamPerFrame:0]]
[2019.12.08-16.02.02:857][  0]LogConfig: Setting CVar [[r.Streaming.Boost:1]]
[2019.12.08-16.02.02:857][  0]LogConfig: Setting CVar [[r.MaxAnisotropy:8]]
[2019.12.08-16.02.02:857][  0]LogConfig: Setting CVar [[r.Streaming.LimitPoolSizeToVRAM:0]]
[2019.12.08-16.02.02:857][  0]LogConfig: Setting CVar [[r.Streaming.PoolSize:1000]]
[2019.12.08-16.02.02:857][  0]LogConfig: Setting CVar [[r.Streaming.MaxEffectiveScreenSize:0]]
[2019.12.08-16.02.02:857][  0]LogConfig: Applying CVar settings from Section [EffectsQuality@3] File [D:/Eshiba/github/SibaStar/SibaStar/Saved/Config/Windows/Scalability.ini]
[2019.12.08-16.02.02:857][  0]LogConfig: Setting CVar [[r.TranslucencyLightingVolumeDim:64]]
[2019.12.08-16.02.02:857][  0]LogConfig: Setting CVar [[r.RefractionQuality:2]]
[2019.12.08-16.02.02:857][  0]LogConfig: Setting CVar [[r.SSR.Quality:3]]
[2019.12.08-16.02.02:857][  0]LogConfig: Setting CVar [[r.SceneColorFormat:4]]
[2019.12.08-16.02.02:857][  0]LogConfig: Setting CVar [[r.DetailMode:2]]
[2019.12.08-16.02.02:857][  0]LogConfig: Setting CVar [[r.TranslucencyVolumeBlur:1]]
[2019.12.08-16.02.02:857][  0]LogConfig: Setting CVar [[r.MaterialQualityLevel:1 ; High quality]]
[2019.12.08-16.02.02:857][  0]LogConfig: Setting CVar [[r.SSS.Scale:1]]
[2019.12.08-16.02.02:857][  0]LogConfig: Setting CVar [[r.SSS.SampleSet:2]]
[2019.12.08-16.02.02:857][  0]LogConfig: Setting CVar [[r.SSS.Quality:1]]
[2019.12.08-16.02.02:857][  0]LogConfig: Setting CVar [[r.SSS.HalfRes:1]]
[2019.12.08-16.02.02:857][  0]LogConfig: Setting CVar [[r.EmitterSpawnRateScale:1.0]]
[2019.12.08-16.02.02:857][  0]LogConfig: Setting CVar [[r.ParticleLightQuality:2]]
[2019.12.08-16.02.02:857][  0]LogConfig: Applying CVar settings from Section [FoliageQuality@3] File [D:/Eshiba/github/SibaStar/SibaStar/Saved/Config/Windows/Scalability.ini]
[2019.12.08-16.02.02:857][  0]LogConfig: Setting CVar [[foliage.DensityScale:1.0]]
[2019.12.08-16.02.02:857][  0]LogConfig: Setting CVar [[grass.DensityScale:1.0]]
[2019.12.08-16.02.02:858][  0]LogInit: Selected Device Profile: [Windows]
[2019.12.08-16.02.02:858][  0]LogInit: Applying CVar settings loaded from the selected device profile: [Windows]
[2019.12.08-16.02.02:861][  0]LogHAL: Display: Platform has ~ 16 GB [17058197504 / 17179869184 / 16], which maps to Larger [LargestMinGB=32, LargerMinGB=12, DefaultMinGB=8, SmallerMinGB=6, SmallestMinGB=0)
[2019.12.08-16.02.02:861][  0]LogInit: Going up to parent DeviceProfile []
[2019.12.08-16.02.02:861][  0]LogConfig: Applying CVar settings from Section [ViewDistanceQuality@3] File [D:/Eshiba/github/SibaStar/SibaStar/Saved/Config/Windows/Scalability.ini]
[2019.12.08-16.02.02:861][  0]LogConfig: Setting CVar [[r.SkeletalMeshLODBias:0]]
[2019.12.08-16.02.02:861][  0]LogConfig: Setting CVar [[r.ViewDistanceScale:1.0]]
[2019.12.08-16.02.02:861][  0]LogConfig: Applying CVar settings from Section [AntiAliasingQuality@3] File [D:/Eshiba/github/SibaStar/SibaStar/Saved/Config/Windows/Scalability.ini]
[2019.12.08-16.02.02:861][  0]LogConfig: Setting CVar [[r.PostProcessAAQuality:4]]
[2019.12.08-16.02.02:861][  0]LogConfig: Applying CVar settings from Section [ShadowQuality@3] File [D:/Eshiba/github/SibaStar/SibaStar/Saved/Config/Windows/Scalability.ini]
[2019.12.08-16.02.02:861][  0]LogConfig: Setting CVar [[r.LightFunctionQuality:1]]
[2019.12.08-16.02.02:861][  0]LogConfig: Setting CVar [[r.ShadowQuality:5]]
[2019.12.08-16.02.02:861][  0]LogConfig: Setting CVar [[r.Shadow.CSM.MaxCascades:10]]
[2019.12.08-16.02.02:861][  0]LogConfig: Setting CVar [[r.Shadow.MaxResolution:2048]]
[2019.12.08-16.02.02:861][  0]LogConfig: Setting CVar [[r.Shadow.MaxCSMResolution:2048]]
[2019.12.08-16.02.02:861][  0]LogConfig: Setting CVar [[r.Shadow.RadiusThreshold:0.01]]
[2019.12.08-16.02.02:861][  0]LogConfig: Setting CVar [[r.Shadow.DistanceScale:1.0]]
[2019.12.08-16.02.02:861][  0]LogConfig: Setting CVar [[r.Shadow.CSM.TransitionScale:1.0]]
[2019.12.08-16.02.02:862][  0]LogConfig: Setting CVar [[r.Shadow.PreShadowResolutionFactor:1.0]]
[2019.12.08-16.02.02:862][  0]LogConfig: Setting CVar [[r.DistanceFieldShadowing:1]]
[2019.12.08-16.02.02:862][  0]LogConfig: Setting CVar [[r.DistanceFieldAO:1]]
[2019.12.08-16.02.02:862][  0]LogConfig: Setting CVar [[r.AOQuality:2]]
[2019.12.08-16.02.02:862][  0]LogConfig: Setting CVar [[r.VolumetricFog:1]]
[2019.12.08-16.02.02:862][  0]LogConfig: Setting CVar [[r.VolumetricFog.GridPixelSize:8]]
[2019.12.08-16.02.02:862][  0]LogConfig: Setting CVar [[r.VolumetricFog.GridSizeZ:128]]
[2019.12.08-16.02.02:862][  0]LogConfig: Setting CVar [[r.VolumetricFog.HistoryMissSupersampleCount:4]]
[2019.12.08-16.02.02:862][  0]LogConfig: Setting CVar [[r.LightMaxDrawDistanceScale:1]]
[2019.12.08-16.02.02:862][  0]LogConfig: Setting CVar [[r.CapsuleShadows:1]]
[2019.12.08-16.02.02:862][  0]LogConfig: Applying CVar settings from Section [PostProcessQuality@3] File [D:/Eshiba/github/SibaStar/SibaStar/Saved/Config/Windows/Scalability.ini]
[2019.12.08-16.02.02:862][  0]LogConfig: Setting CVar [[r.MotionBlurQuality:4]]
[2019.12.08-16.02.02:862][  0]LogConfig: Setting CVar [[r.AmbientOcclusionMipLevelFactor:0.4]]
[2019.12.08-16.02.02:862][  0]LogConfig: Setting CVar [[r.AmbientOcclusionMaxQuality:100]]
[2019.12.08-16.02.02:862][  0]LogConfig: Setting CVar [[r.AmbientOcclusionLevels:-1]]
[2019.12.08-16.02.02:862][  0]LogConfig: Setting CVar [[r.AmbientOcclusionRadiusScale:1.0]]
[2019.12.08-16.02.02:862][  0]LogConfig: Setting CVar [[r.DepthOfFieldQuality:2]]
[2019.12.08-16.02.02:862][  0]LogConfig: Setting CVar [[r.RenderTargetPoolMin:400]]
[2019.12.08-16.02.02:862][  0]LogConfig: Setting CVar [[r.LensFlareQuality:2]]
[2019.12.08-16.02.02:862][  0]LogConfig: Setting CVar [[r.SceneColorFringeQuality:1]]
[2019.12.08-16.02.02:862][  0]LogConfig: Setting CVar [[r.EyeAdaptationQuality:2]]
[2019.12.08-16.02.02:862][  0]LogConfig: Setting CVar [[r.BloomQuality:5]]
[2019.12.08-16.02.02:862][  0]LogConfig: Setting CVar [[r.FastBlurThreshold:100]]
[2019.12.08-16.02.02:862][  0]LogConfig: Setting CVar [[r.Upscale.Quality:3]]
[2019.12.08-16.02.02:862][  0]LogConfig: Setting CVar [[r.Tonemapper.GrainQuantization:1]]
[2019.12.08-16.02.02:862][  0]LogConfig: Setting CVar [[r.LightShaftQuality:1]]
[2019.12.08-16.02.02:862][  0]LogConfig: Setting CVar [[r.Filter.SizeScale:1]]
[2019.12.08-16.02.02:862][  0]LogConfig: Setting CVar [[r.Tonemapper.Quality:5]]
[2019.12.08-16.02.02:862][  0]LogConfig: Setting CVar [[r.DOF.Gather.AccumulatorQuality:1        ; higher gathering accumulator quality]]
[2019.12.08-16.02.02:862][  0]LogConfig: Setting CVar [[r.DOF.Gather.PostfilterMethod:1          ; Median3x3 postfilering method]]
[2019.12.08-16.02.02:862][  0]LogConfig: Setting CVar [[r.DOF.Gather.EnableBokehSettings:0       ; no bokeh simulation when gathering]]
[2019.12.08-16.02.02:862][  0]LogConfig: Setting CVar [[r.DOF.Gather.RingCount:4                 ; medium number of samples when gathering]]
[2019.12.08-16.02.02:862][  0]LogConfig: Setting CVar [[r.DOF.Scatter.ForegroundCompositing:1    ; additive foreground scattering]]
[2019.12.08-16.02.02:862][  0]LogConfig: Setting CVar [[r.DOF.Scatter.BackgroundCompositing:2    ; additive background scattering]]
[2019.12.08-16.02.02:862][  0]LogConfig: Setting CVar [[r.DOF.Scatter.EnableBokehSettings:1      ; bokeh simulation when scattering]]
[2019.12.08-16.02.02:862][  0]LogConfig: Setting CVar [[r.DOF.Scatter.MaxSpriteRatio:0.1         ; only a maximum of 10% of scattered bokeh]]
[2019.12.08-16.02.02:862][  0]LogConfig: Setting CVar [[r.DOF.Recombine.Quality:1                ; cheap slight out of focus]]
[2019.12.08-16.02.02:862][  0]LogConfig: Setting CVar [[r.DOF.Recombine.EnableBokehSettings:0    ; no bokeh simulation on slight out of focus]]
[2019.12.08-16.02.02:862][  0]LogConfig: Setting CVar [[r.DOF.TemporalAAQuality:1                ; more stable temporal accumulation]]
[2019.12.08-16.02.02:862][  0]LogConfig: Setting CVar [[r.DOF.Kernel.MaxForegroundRadius:0.025]]
[2019.12.08-16.02.02:862][  0]LogConfig: Setting CVar [[r.DOF.Kernel.MaxBackgroundRadius:0.025]]
[2019.12.08-16.02.02:862][  0]LogConfig: Applying CVar settings from Section [TextureQuality@3] File [D:/Eshiba/github/SibaStar/SibaStar/Saved/Config/Windows/Scalability.ini]
[2019.12.08-16.02.02:862][  0]LogConfig: Setting CVar [[r.Streaming.MipBias:0]]
[2019.12.08-16.02.02:862][  0]LogConfig: Setting CVar [[r.Streaming.AmortizeCPUToGPUCopy:0]]
[2019.12.08-16.02.02:862][  0]LogConfig: Setting CVar [[r.Streaming.MaxNumTexturesToStreamPerFrame:0]]
[2019.12.08-16.02.02:862][  0]LogConfig: Setting CVar [[r.Streaming.Boost:1]]
[2019.12.08-16.02.02:862][  0]LogConfig: Setting CVar [[r.MaxAnisotropy:8]]
[2019.12.08-16.02.02:862][  0]LogConfig: Setting CVar [[r.Streaming.LimitPoolSizeToVRAM:0]]
[2019.12.08-16.02.02:862][  0]LogConfig: Setting CVar [[r.Streaming.PoolSize:1000]]
[2019.12.08-16.02.02:862][  0]LogConfig: Setting CVar [[r.Streaming.MaxEffectiveScreenSize:0]]
[2019.12.08-16.02.02:862][  0]LogConfig: Applying CVar settings from Section [EffectsQuality@3] File [D:/Eshiba/github/SibaStar/SibaStar/Saved/Config/Windows/Scalability.ini]
[2019.12.08-16.02.02:862][  0]LogConfig: Setting CVar [[r.TranslucencyLightingVolumeDim:64]]
[2019.12.08-16.02.02:862][  0]LogConfig: Setting CVar [[r.RefractionQuality:2]]
[2019.12.08-16.02.02:862][  0]LogConfig: Setting CVar [[r.SSR.Quality:3]]
[2019.12.08-16.02.02:862][  0]LogConfig: Setting CVar [[r.SceneColorFormat:4]]
[2019.12.08-16.02.02:862][  0]LogConfig: Setting CVar [[r.DetailMode:2]]
[2019.12.08-16.02.02:862][  0]LogConfig: Setting CVar [[r.TranslucencyVolumeBlur:1]]
[2019.12.08-16.02.02:862][  0]LogConfig: Setting CVar [[r.MaterialQualityLevel:1 ; High quality]]
[2019.12.08-16.02.02:862][  0]LogConfig: Setting CVar [[r.SSS.Scale:1]]
[2019.12.08-16.02.02:862][  0]LogConfig: Setting CVar [[r.SSS.SampleSet:2]]
[2019.12.08-16.02.02:862][  0]LogConfig: Setting CVar [[r.SSS.Quality:1]]
[2019.12.08-16.02.02:862][  0]LogConfig: Setting CVar [[r.SSS.HalfRes:1]]
[2019.12.08-16.02.02:862][  0]LogConfig: Setting CVar [[r.EmitterSpawnRateScale:1.0]]
[2019.12.08-16.02.02:862][  0]LogConfig: Setting CVar [[r.ParticleLightQuality:2]]
[2019.12.08-16.02.02:862][  0]LogConfig: Applying CVar settings from Section [FoliageQuality@3] File [D:/Eshiba/github/SibaStar/SibaStar/Saved/Config/Windows/Scalability.ini]
[2019.12.08-16.02.02:862][  0]LogConfig: Setting CVar [[foliage.DensityScale:1.0]]
[2019.12.08-16.02.02:863][  0]LogConfig: Setting CVar [[grass.DensityScale:1.0]]
[2019.12.08-16.02.02:863][  0]LogConfig: Applying CVar settings from Section [Startup] File [../../../Engine/Config/ConsoleVariables.ini]
[2019.12.08-16.02.02:863][  0]LogConfig: Setting CVar [[net.UseAdaptiveNetUpdateFrequency:0]]
[2019.12.08-16.02.02:863][  0]LogConfig: Setting CVar [[p.chaos.AllowCreatePhysxBodies:1]]
[2019.12.08-16.02.02:863][  0]LogConfig: Applying CVar settings from Section [ConsoleVariables] File [D:/Eshiba/github/SibaStar/SibaStar/Saved/Config/Windows/Engine.ini]
[2019.12.08-16.02.02:863][  0]LogInit: Computer: DESKTOP-VBCJ5GB
[2019.12.08-16.02.02:863][  0]LogInit: User: Eshiba
[2019.12.08-16.02.02:863][  0]LogInit: CPU Page size=4096, Cores=4
[2019.12.08-16.02.02:863][  0]LogInit: High frequency timer resolution =10.000000 MHz
[2019.12.08-16.02.02:863][  0]LogMemory: Memory total: Physical=15.9GB (16GB approx)
[2019.12.08-16.02.02:863][  0]LogMemory: Platform Memory Stats for Windows
[2019.12.08-16.02.02:863][  0]LogMemory: Process Physical Memory: 100.32 MB used, 100.33 MB peak
[2019.12.08-16.02.02:863][  0]LogMemory: Process Virtual Memory: 88.62 MB used, 88.62 MB peak
[2019.12.08-16.02.02:863][  0]LogMemory: Physical Memory: 11023.52 MB used,  5244.44 MB free, 16267.96 MB total
[2019.12.08-16.02.02:863][  0]LogMemory: Virtual Memory: 4657.37 MB used,  134213072.00 MB free, 134217728.00 MB total
[2019.12.08-16.02.02:866][  0]LogWindows: WindowsPlatformFeatures enabled
[2019.12.08-16.02.02:889][  0]LogInit: Using OS detected language (ru-RU).
[2019.12.08-16.02.02:889][  0]LogInit: Using OS detected locale (ru-RU).
[2019.12.08-16.02.02:890][  0]LogTextLocalizationManager: No specific localization for 'ru-RU' exists, so the 'ru' localization will be used.
[2019.12.08-16.02.02:891][  0]LogTextLocalizationResource: LocRes '../../../Engine/Content/Localization/Editor/ru/Editor.locres' could not be opened for reading!
[2019.12.08-16.02.02:891][  0]LogTextLocalizationResource: LocRes '../../../Engine/Content/Localization/EditorTutorials/ru/EditorTutorials.locres' could not be opened for reading!
[2019.12.08-16.02.02:891][  0]LogTextLocalizationResource: LocRes '../../../Engine/Content/Localization/Keywords/ru/Keywords.locres' could not be opened for reading!
[2019.12.08-16.02.02:891][  0]LogTextLocalizationResource: LocRes '../../../Engine/Content/Localization/Category/ru/Category.locres' could not be opened for reading!
[2019.12.08-16.02.02:891][  0]LogTextLocalizationResource: LocRes '../../../Engine/Content/Localization/ToolTips/ru/ToolTips.locres' could not be opened for reading!
[2019.12.08-16.02.02:891][  0]LogTextLocalizationResource: LocRes '../../../Engine/Content/Localization/PropertyNames/ru/PropertyNames.locres' could not be opened for reading!
[2019.12.08-16.02.02:891][  0]LogTextLocalizationResource: LocRes '../../../Engine/Content/Localization/Engine/ru/Engine.locres' could not be opened for reading!
[2019.12.08-16.02.02:892][  0]LogInit: Setting process to per monitor DPI aware
[2019.12.08-16.02.02:933][  0]LogSlate: New Slate User Created.  User Index 0, Is Virtual User: 0
[2019.12.08-16.02.02:933][  0]LogSlate: Slate User Registered.  User Index 0, Is Virtual User: 0
[2019.12.08-16.02.03:188][  0]LogHMD: Failed to initialize OpenVR with code 110
[2019.12.08-16.02.03:188][  0]LogD3D11RHI: D3D11 adapters:
[2019.12.08-16.02.03:301][  0]LogD3D11RHI:    0. 'NVIDIA GeForce GTX 1050' (Feature Level 11_0)
[2019.12.08-16.02.03:301][  0]LogD3D11RHI:       4021/0/8133 MB DedicatedVideo/DedicatedSystem/SharedSystem, Outputs:1, VendorId:0x10de
[2019.12.08-16.02.03:315][  0]LogD3D11RHI:    1. 'Intel(R) HD Graphics 630' (Feature Level 11_0)
[2019.12.08-16.02.03:315][  0]LogD3D11RHI:       128/0/8133 MB DedicatedVideo/DedicatedSystem/SharedSystem, Outputs:0, VendorId:0x8086
[2019.12.08-16.02.03:318][  0]LogD3D11RHI:    2. 'Microsoft Basic Render Driver' (Feature Level 11_0)
[2019.12.08-16.02.03:318][  0]LogD3D11RHI:       0/0/8133 MB DedicatedVideo/DedicatedSystem/SharedSystem, Outputs:0, VendorId:0x1414
[2019.12.08-16.02.03:318][  0]LogD3D11RHI: Chosen D3D11 Adapter: 0
[2019.12.08-16.02.03:358][  0]LogD3D11RHI: Creating new Direct3DDevice
[2019.12.08-16.02.03:358][  0]LogD3D11RHI:     GPU DeviceId: 0x1c8d (for the marketing name, search the web for "GPU Device Id")
[2019.12.08-16.02.03:358][  0]LogWindows: EnumDisplayDevices:
[2019.12.08-16.02.03:358][  0]LogWindows:    0. 'Intel(R) HD Graphics 630' (P:1 D:1)
[2019.12.08-16.02.03:359][  0]LogWindows:    1. 'Intel(R) HD Graphics 630' (P:0 D:0)
[2019.12.08-16.02.03:359][  0]LogWindows:    2. 'Intel(R) HD Graphics 630' (P:0 D:0)
[2019.12.08-16.02.03:359][  0]LogWindows: DebugString: PrimaryIsNotTheChoosenAdapter PrimaryIsNotTheChoosenAdapter PrimaryIsNotTheChoosenAdapter FoundDriverCount:0 
[2019.12.08-16.02.03:359][  0]LogD3D11RHI:     Adapter Name: NVIDIA GeForce GTX 1050
[2019.12.08-16.02.03:359][  0]LogD3D11RHI:   Driver Version: Unknown (internal:Unknown, unified:Unknown)
[2019.12.08-16.02.03:359][  0]LogD3D11RHI:      Driver Date: Unknown
[2019.12.08-16.02.03:359][  0]LogRHI: Texture pool is 2814 MB (70% of 4021 MB)
[2019.12.08-16.02.03:423][  0]LogD3D11RHI: Async texture creation enabled
[2019.12.08-16.02.03:437][  0]LogD3D11RHI: GPU Timing Frequency: 1000.000000 (Debug: 2 1)
[2019.12.08-16.02.03:879][  0]LogTemp: Display: Module 'AllDesktopTargetPlatform' loaded TargetPlatform 'AllDesktop'
[2019.12.08-16.02.03:890][  0]LogTemp: Display: Module 'MacClientTargetPlatform' loaded TargetPlatform 'MacClient'
[2019.12.08-16.02.03:905][  0]LogTemp: Display: Module 'MacNoEditorTargetPlatform' loaded TargetPlatform 'MacNoEditor'
[2019.12.08-16.02.03:916][  0]LogTemp: Display: Module 'MacServerTargetPlatform' loaded TargetPlatform 'MacServer'
[2019.12.08-16.02.03:926][  0]LogTemp: Display: Module 'MacTargetPlatform' loaded TargetPlatform 'Mac'
[2019.12.08-16.02.03:934][  0]LogTemp: Display: Module 'WindowsClientTargetPlatform' loaded TargetPlatform 'WindowsClient'
[2019.12.08-16.02.03:945][  0]LogTemp: Display: Module 'WindowsNoEditorTargetPlatform' loaded TargetPlatform 'WindowsNoEditor'
[2019.12.08-16.02.03:958][  0]LogTemp: Display: Module 'WindowsServerTargetPlatform' loaded TargetPlatform 'WindowsServer'
[2019.12.08-16.02.03:962][  0]LogTemp: Display: Module 'WindowsTargetPlatform' loaded TargetPlatform 'Windows'
[2019.12.08-16.02.04:010][  0]LogTemp: Display: Module 'AndroidTargetPlatform' loaded TargetPlatform 'Android'
[2019.12.08-16.02.04:011][  0]LogTemp: Display: Module 'AndroidTargetPlatform' loaded TargetPlatform 'Android_ASTC'
[2019.12.08-16.02.04:011][  0]LogTemp: Display: Module 'AndroidTargetPlatform' loaded TargetPlatform 'Android_ATC'
[2019.12.08-16.02.04:011][  0]LogTemp: Display: Module 'AndroidTargetPlatform' loaded TargetPlatform 'Android_DXT'
[2019.12.08-16.02.04:011][  0]LogTemp: Display: Module 'AndroidTargetPlatform' loaded TargetPlatform 'Android_ETC1'
[2019.12.08-16.02.04:011][  0]LogTemp: Display: Module 'AndroidTargetPlatform' loaded TargetPlatform 'Android_ETC1a'
[2019.12.08-16.02.04:011][  0]LogTemp: Display: Module 'AndroidTargetPlatform' loaded TargetPlatform 'Android_ETC2'
[2019.12.08-16.02.04:011][  0]LogTemp: Display: Module 'AndroidTargetPlatform' loaded TargetPlatform 'Android_PVRTC'
[2019.12.08-16.02.04:011][  0]LogTemp: Display: Module 'AndroidTargetPlatform' loaded TargetPlatform 'AndroidClient'
[2019.12.08-16.02.04:011][  0]LogTemp: Display: Module 'AndroidTargetPlatform' loaded TargetPlatform 'Android_ASTCClient'
[2019.12.08-16.02.04:011][  0]LogTemp: Display: Module 'AndroidTargetPlatform' loaded TargetPlatform 'Android_ATCClient'
[2019.12.08-16.02.04:011][  0]LogTemp: Display: Module 'AndroidTargetPlatform' loaded TargetPlatform 'Android_DXTClient'
[2019.12.08-16.02.04:011][  0]LogTemp: Display: Module 'AndroidTargetPlatform' loaded TargetPlatform 'Android_ETC1Client'
[2019.12.08-16.02.04:011][  0]LogTemp: Display: Module 'AndroidTargetPlatform' loaded TargetPlatform 'Android_ETC1aClient'
[2019.12.08-16.02.04:011][  0]LogTemp: Display: Module 'AndroidTargetPlatform' loaded TargetPlatform 'Android_ETC2Client'
[2019.12.08-16.02.04:011][  0]LogTemp: Display: Module 'AndroidTargetPlatform' loaded TargetPlatform 'Android_PVRTCClient'
[2019.12.08-16.02.04:011][  0]LogTemp: Display: Module 'AndroidTargetPlatform' loaded TargetPlatform 'Android_Multi'
[2019.12.08-16.02.04:011][  0]LogTemp: Display: Module 'AndroidTargetPlatform' loaded TargetPlatform 'Android_MultiClient'
[2019.12.08-16.02.04:013][  0]LogTemp: Display: Module 'HTML5TargetPlatform' loaded TargetPlatform 'HTML5'
[2019.12.08-16.02.04:042][  0]LogTemp: Display: Module 'IOSTargetPlatform' loaded TargetPlatform 'IOSClient'
[2019.12.08-16.02.04:042][  0]LogTemp: Display: Module 'IOSTargetPlatform' loaded TargetPlatform 'IOS'
[2019.12.08-16.02.04:059][  0]LogTemp: Display: Module 'TVOSTargetPlatform' loaded TargetPlatform 'TVOSClient'
[2019.12.08-16.02.04:059][  0]LogTemp: Display: Module 'TVOSTargetPlatform' loaded TargetPlatform 'TVOS'
[2019.12.08-16.02.04:068][  0]LogTemp: Display: Module 'LinuxClientTargetPlatform' loaded TargetPlatform 'LinuxClient'
[2019.12.08-16.02.04:078][  0]LogTemp: Display: Module 'LinuxNoEditorTargetPlatform' loaded TargetPlatform 'LinuxNoEditor'
[2019.12.08-16.02.04:088][  0]LogTemp: Display: Module 'LinuxServerTargetPlatform' loaded TargetPlatform 'LinuxServer'
[2019.12.08-16.02.04:095][  0]LogTemp: Display: Module 'LinuxTargetPlatform' loaded TargetPlatform 'Linux'
[2019.12.08-16.02.04:122][  0]LogTemp: Display: Module 'LuminTargetPlatform' loaded TargetPlatform 'Lumin'
[2019.12.08-16.02.04:122][  0]LogTemp: Display: Module 'LuminTargetPlatform' loaded TargetPlatform 'LuminClient'
[2019.12.08-16.02.04:122][  0]LogTargetPlatformManager: Display: Building Assets For Windows
[2019.12.08-16.02.04:130][  0]LogAudioDebug: Display: Lib vorbis DLL was dynamically loaded.
[2019.12.08-16.02.04:175][  0]LogShaderCompilers: Guid format shader working directory is 0 characters bigger than the processId version (../../../../../Eshiba/github/SibaStar/SibaStar/Intermediate/Shaders/WorkingDirectory/17452/).
[2019.12.08-16.02.04:175][  0]LogShaderCompilers: Cleaned the shader compiler working directory 'C:/Users/Eshiba/AppData/Local/Temp/UnrealShaderWorkingDir/39A85187427062FB270C6993D092B798/'.
[2019.12.08-16.02.04:177][  0]LogXGEController: Cannot use XGE Controller as Incredibuild is not installed on this machine.
[2019.12.08-16.02.04:177][  0]LogShaderCompilers: Cannot use XGE Shader Compiler as Incredibuild is not installed on this machine.
[2019.12.08-16.02.04:177][  0]LogShaderCompilers: Display: Using Local Shader Compiler.
[2019.12.08-16.02.04:945][  0]LogDerivedDataCache: Display: Max Cache Size: 512 MB
[2019.12.08-16.02.05:033][  0]LogDerivedDataCache: Loaded boot cache 0.09s 74MB C:/Users/Eshiba/AppData/Local/UnrealEngine/4.23/DerivedDataCache/Boot.ddc.
[2019.12.08-16.02.05:033][  0]LogDerivedDataCache: Display: Loaded Boot cache: C:/Users/Eshiba/AppData/Local/UnrealEngine/4.23/DerivedDataCache/Boot.ddc
[2019.12.08-16.02.05:033][  0]LogDerivedDataCache: FDerivedDataBackendGraph:  Pak pak cache file ../../../../../Eshiba/github/SibaStar/SibaStar/DerivedDataCache/DDC.ddp not found, will not use a pak cache.
[2019.12.08-16.02.05:033][  0]LogDerivedDataCache: Unable to find inner node Pak for hierarchical cache Hierarchy.
[2019.12.08-16.02.05:033][  0]LogDerivedDataCache: FDerivedDataBackendGraph:  CompressedPak pak cache file ../../../../../Eshiba/github/SibaStar/SibaStar/DerivedDataCache/Compressed.ddp not found, will not use a pak cache.
[2019.12.08-16.02.05:033][  0]LogDerivedDataCache: Unable to find inner node CompressedPak for hierarchical cache Hierarchy.
[2019.12.08-16.02.05:047][  0]LogDerivedDataCache: Display: Pak cache opened for reading ../../../Engine/DerivedDataCache/Compressed.ddp.
[2019.12.08-16.02.05:048][  0]LogDerivedDataCache: FDerivedDataBackendGraph:  EnterprisePak pak cache file ../../../Enterprise/DerivedDataCache/Compressed.ddp not found, will not use a pak cache.
[2019.12.08-16.02.05:048][  0]LogDerivedDataCache: Unable to find inner node EnterprisePak for hierarchical cache Hierarchy.
[2019.12.08-16.02.05:049][  0]LogDerivedDataCache: Using Local data cache path C:/Users/Eshiba/AppData/Local/UnrealEngine/Common/DerivedDataCache: Writable
[2019.12.08-16.02.05:049][  0]LogDerivedDataCache: Shared data cache path not found in *engine.ini, will not use an Shared cache.
[2019.12.08-16.02.05:049][  0]LogDerivedDataCache: Unable to find inner node Shared for hierarchical cache Hierarchy.
[2019.12.08-16.02.05:090][  0]LogMaterial: Verifying Global Shaders for PCD3D_SM5
[2019.12.08-16.02.05:095][  0]LogSlate: Using FreeType 2.6.0
[2019.12.08-16.02.05:096][  0]LogSlate: SlateFontServices - WITH_FREETYPE: 1, WITH_HARFBUZZ: 1
[2019.12.08-16.02.05:165][  0]LogAssetRegistry: FAssetRegistry took 0.0025 seconds to start up
[2019.12.08-16.02.05:476][  0]LogInit: Selected Device Profile: [Windows]
[2019.12.08-16.02.05:627][  0]LogMeshReduction: Using QuadricMeshReduction for automatic static mesh reduction
[2019.12.08-16.02.05:627][  0]LogMeshReduction: Using SimplygonMeshReduction for automatic skeletal mesh reduction
[2019.12.08-16.02.05:627][  0]LogMeshReduction: Using ProxyLODMeshReduction for automatic mesh merging
[2019.12.08-16.02.05:627][  0]LogMeshReduction: No distributed automatic mesh merging module available
[2019.12.08-16.02.05:627][  0]LogMeshMerging: No distributed automatic mesh merging module available
[2019.12.08-16.02.05:636][  0]LogNetVersion: SibaStar 1.0.0, NetCL: 8386587, EngineNetVer: 11, GameNetVer: 0 (Checksum: 383663418)
[2019.12.08-16.02.06:097][  0]LogPackageLocalizationCache: Processed 12 localized package path(s) for 1 prioritized culture(s) in 0.049999 seconds
[2019.12.08-16.02.06:104][  0]LogUObjectArray: 43444 objects as part of root set at end of initial load.
[2019.12.08-16.02.06:104][  0]LogUObjectAllocator: 7548648 out of 0 bytes used by permanent object pool.
[2019.12.08-16.02.06:104][  0]LogUObjectArray: CloseDisregardForGC: 0/0 objects in disregard for GC pool
[2019.12.08-16.02.06:929][  0]LogTcpMessaging: Initializing TcpMessaging bridge
[2019.12.08-16.02.06:932][  0]LogUdpMessaging: Initializing bridge on interface 0.0.0.0:0 to multicast group 230.0.0.1:6666.
[2019.12.08-16.02.06:993][  0]SourceControl: Source control is disabled
[2019.12.08-16.02.06:993][  0]SourceControl: Source control is disabled
[2019.12.08-16.02.06:994][  0]SourceControl: Source control is disabled
[2019.12.08-16.02.06:995][  0]SourceControl: Source control is disabled
[2019.12.08-16.02.07:078][  0]LogAndroidPermission: UAndroidPermissionCallbackProxy::GetInstance
[2019.12.08-16.02.07:257][  0]LogOcInput: OculusInput pre-init called
[2019.12.08-16.02.07:262][  0]LogWindows: Failed to load 'OVRPlugin.dll' (GetLastError=126)
[2019.12.08-16.02.07:262][  0]LogWindows: File 'OVRPlugin.dll' does not exist
[2019.12.08-16.02.07:339][  0]LogEngine: Initializing Engine...
[2019.12.08-16.02.07:341][  0]LogHMD: Failed to initialize OpenVR with code 110
[2019.12.08-16.02.07:343][  0]LogStats: UGameplayTagsManager::InitializeManager -  0.000 s
[2019.12.08-16.02.07:603][  0]LogInit: Initializing FReadOnlyCVARCache
[2019.12.08-16.02.07:621][  0]LogAIModule: Creating AISystem for world Untitled
[2019.12.08-16.02.07:718][  0]LogInit: XAudio2 using 'Speakers (Realtek High Definition Audio)' : 2 channels at 48 kHz using 32 bits per sample (channel mask 0x3)
[2019.12.08-16.02.07:732][  0]LogInit: FAudioDevice initialized.
[2019.12.08-16.02.07:732][  0]LogNetVersion: Set ProjectVersion to 1.0.0.0. Version Checksum will be recalculated on next use.
[2019.12.08-16.02.07:830][  0]LogDerivedDataCache: Saved boot cache 0.10s 73MB C:/Users/Eshiba/AppData/Local/UnrealEngine/4.23/DerivedDataCache/Boot.ddc.
[2019.12.08-16.02.07:839][  0]LogInit: Texture streaming: Enabled
[2019.12.08-16.02.07:857][  0]LogEngineSessionManager: EngineSessionManager initialized
[2019.12.08-16.02.07:912][  0]LogInit: Transaction tracking system initialized
[2019.12.08-16.02.07:939][  0]BlueprintLog: New page: Editor Load
[2019.12.08-16.02.08:004][  0]LocalizationService: Localization service is disabled
[2019.12.08-16.02.08:274][  0]LogFileCache: Scanning file cache for directory 'D:/Eshiba/github/SibaStar/SibaStar/Content/' took 0.00s
[2019.12.08-16.02.08:274][  0]LogCook: Display: Max memory allowance for cook 16384mb min free memory 0mb
[2019.12.08-16.02.08:274][  0]LogCook: Display: Mobile HDR setting 1
[2019.12.08-16.02.08:446][  0]SourceControl: Source control is disabled
[2019.12.08-16.02.08:446][  0]Cmd: MAP LOAD FILE="../../../../../Eshiba/github/SibaStar/SibaStar/Content/2DSideScrollerBP/Maps/2DSideScrollerExampleMap.umap" TEMPLATE=0 SHOWPROGRESS=1 FEATURELEVEL=3
[2019.12.08-16.02.08:446][  0]LightingResults: New page: Lighting Build
[2019.12.08-16.02.08:448][  0]LogWorld: UWorld::CleanupWorld for Untitled, bSessionEnded=true, bCleanupResources=true
[2019.12.08-16.02.08:448][  0]MapCheck: New page: Map Check
[2019.12.08-16.02.08:448][  0]LightingResults: New page: Lighting Build
[2019.12.08-16.02.08:477][  0]LogUObjectHash: Compacting FUObjectHashTables data took   1.59ms
[2019.12.08-16.02.08:578][  0]LogAIModule: Creating AISystem for world 2DSideScrollerExampleMap
[2019.12.08-16.02.08:582][  0]LogEditorServer: Finished looking for orphan Actors (0.000 secs)
[2019.12.08-16.02.08:610][  0]LogUObjectHash: Compacting FUObjectHashTables data took   1.87ms
[2019.12.08-16.02.08:610][  0]Cmd: MAP CHECKDEP NOCLEARLOG
[2019.12.08-16.02.08:610][  0]MapCheck: Map check complete: 0 Error(s), 0 Warning(s), took 0,085ms to complete.
[2019.12.08-16.02.08:610][  0]LogFileHelpers: Loading map '2DSideScrollerExampleMap' took 0.164
[2019.12.08-16.02.08:715][  0]LogSlate: Updating window title bar state: overlay mode, drag disabled, window buttons hidden, title bar hidden
[2019.12.08-16.02.08:723][  0]LogSlate: Updating window title bar state: overlay mode, drag disabled, window buttons hidden, title bar hidden
[2019.12.08-16.02.08:730][  0]LogSlate: Updating window title bar state: overlay mode, drag disabled, window buttons hidden, title bar hidden
[2019.12.08-16.02.08:737][  0]LogSlate: Updating window title bar state: overlay mode, drag disabled, window buttons hidden, title bar hidden
[2019.12.08-16.02.08:742][  0]LogCollectionManager: Loaded 0 collections in 0.001025 seconds
[2019.12.08-16.02.08:746][  0]LogFileCache: Scanning file cache for directory 'D:/Eshiba/github/SibaStar/SibaStar/Saved/Collections/' took 0.00s
[2019.12.08-16.02.08:746][  0]LogFileCache: Scanning file cache for directory 'D:/Eshiba/github/SibaStar/SibaStar/Content/Developers/Eshiba/Collections/' took 0.00s
[2019.12.08-16.02.08:746][  0]LogFileCache: Scanning file cache for directory 'D:/Eshiba/github/SibaStar/SibaStar/Content/Collections/' took 0.00s
[2019.12.08-16.02.08:746][  0]LogCollectionManager: Rebuilt the GUID cache for 0 collections in 0.000001 seconds
[2019.12.08-16.02.08:756][  0]LogContentBrowser: Native class hierarchy populated in 0.0092 seconds. Added 2863 classes and 680 folders.
[2019.12.08-16.02.08:761][  0]LogContentBrowser: Native class hierarchy updated for 'WidgetCarousel' in 0.0002 seconds. Added 0 classes and 0 folders.
[2019.12.08-16.02.08:792][  0]LogContentBrowser: Native class hierarchy updated for 'AddContentDialog' in 0.0002 seconds. Added 0 classes and 0 folders.
[2019.12.08-16.02.08:799][  0]LogContentBrowser: Native class hierarchy updated for 'SceneOutliner' in 0.0003 seconds. Added 1 classes and 2 folders.
[2019.12.08-16.02.08:816][  0]LogSlate: Took 0.000156 seconds to synchronously load lazily loaded font '../../../Engine/Content/Slate/Fonts/Roboto-Regular.ttf' (155K)
[2019.12.08-16.02.08:821][  0]LogSlate: Took 0.000654 seconds to synchronously load lazily loaded font '../../../Engine/Content/Slate/Fonts/Roboto-Bold.ttf' (160K)
[2019.12.08-16.02.08:826][  0]LogSlate: Took 0.000146 seconds to synchronously load lazily loaded font '../../../Engine/Content/Editor/Slate/Fonts/FontAwesome.ttf' (139K)
[2019.12.08-16.02.08:900][  0]LogRenderer: Reallocating scene render targets to support 1208x572 Format 10 NumSamples 1 (Frame:1).
[2019.12.08-16.02.09:080][  0]LogSlate: FSceneViewport::OnFocusLost() reason 5
[2019.12.08-16.02.09:108][  0]LogSlate: Window 'Tutorials' being destroyed
[2019.12.08-16.02.09:119][  0]LogContentBrowser: Native class hierarchy updated for 'HierarchicalLODOutliner' in 0.0002 seconds. Added 0 classes and 0 folders.
[2019.12.08-16.02.09:119][  0]LogLoad: (Engine Initialization) Total time: 7.07 seconds
[2019.12.08-16.02.09:119][  0]LogLoad: (Engine Initialization) Total Blueprint compile time: 0.00 seconds
[2019.12.08-16.02.09:187][  0]LogAssetRegistry: Asset discovery search completed in 4.0223 seconds
[2019.12.08-16.02.09:193][  0]LogCollectionManager: Rebuilt the object cache for 0 collections in 0.000004 seconds (found 0 objects)
[2019.12.08-16.02.09:193][  0]LogCollectionManager: Fixed up redirectors for 0 collections in 0.000104 seconds (updated 0 objects)
[2019.12.08-16.02.09:195][  0]LogContentStreaming: Texture pool size now 1000 MB
[2019.12.08-16.02.09:221][  0]LogSlate: Took 0.000167 seconds to synchronously load lazily loaded font '../../../Engine/Content/Slate/Fonts/Roboto-Light.ttf' (167K)
[2019.12.08-16.02.09:476][  1]LogFileCache: Retrieving MD5 hashes for directory 'D:/Eshiba/github/SibaStar/SibaStar/Content/' took 0.33s
[2019.12.08-16.02.12:169][  9]LogSlate: Took 0.000650 seconds to synchronously load lazily loaded font '../../../Engine/Content/Slate/Fonts/Roboto-Light.ttf' (167K)
[2019.12.08-16.02.15:213][ 75]LogSlate: FSceneViewport::OnFocusLost() reason 0
[2019.12.08-16.03.07:827][514]LogFactory: FactoryCreateFile: Texture with ReimportTextureFactory (0 0 D:\Eshiba\github\SibaStar\FomFMAp\TileMapV1.bmp)
[2019.12.08-16.03.07:833][514]LogTexture: Display: Building textures: TileMapV1 (BGRA8, 246X1112)
[2019.12.08-16.06.10:511][881]LogUObjectHash: Compacting FUObjectHashTables data took   2.01ms
[2019.12.08-16.06.12:868][881]LogSlate: Window 'Delete Assets' being destroyed
[2019.12.08-16.06.12:966][881]LogUObjectHash: Compacting FUObjectHashTables data took   1.34ms
[2019.12.08-16.07.29:840][292]LogFactory: FactoryCreateFile: Texture with ReimportTextureFactory (0 0 D:\Eshiba\github\SibaStar\FomFMAp\SibaStar-20191208T151859Z-001\Map1.0.png)
[2019.12.08-16.07.30:086][292]LogTexture: Display: Building textures: Map1_0 (AutoDXT, 4096X4096)
[2019.12.08-16.07.32:197][356]LogAssetEditorManager: Opening Asset editor for Texture2D /Game/2DSideScrollerBP/Eshiba/Map/Map1_0.Map1_0
[2019.12.08-16.07.32:203][356]LogContentBrowser: Native class hierarchy updated for 'TextureEditor' in 0.0004 seconds. Added 1 classes and 2 folders.
[2019.12.08-16.12.09:649][422]LogUObjectHash: Compacting FUObjectHashTables data took   1.75ms
[2019.12.08-16.12.09:650][422]LogFileHelpers: Editor autosave (incl. sublevels) for '/Game/2DSideScrollerBP/Maps/2DSideScrollerExampleMap' took 0.028
[2019.12.08-16.12.09:651][422]OBJ SavePackage: Generating thumbnails for [1] asset(s) in package [/Game/2DSideScrollerBP/Eshiba/Map/Map1_0] ([1] browsable assets)...
[2019.12.08-16.12.09:663][422]OBJ SavePackage:     Rendered thumbnail for [Texture2D /Game/2DSideScrollerBP/Eshiba/Map/Map1_0.Map1_0]
[2019.12.08-16.12.09:663][422]OBJ SavePackage: Finished generating thumbnails for package [/Game/2DSideScrollerBP/Eshiba/Map/Map1_0]
[2019.12.08-16.12.10:551][422]LogSavePackage: Moving '../../../../../Eshiba/github/SibaStar/SibaStar/Saved/Map1_0_Auto18EE839B94CCC660D6756A987914EC0BA.tmp' to '../../../../../Eshiba/github/SibaStar/SibaStar/Saved/Autosaves/Game/2DSideScrollerBP/Eshiba/Map/Map1_0_Auto1.uasset'
[2019.12.08-16.12.10:551][422]LogFileHelpers: Auto-saving content packages took 0.901
[2019.12.08-16.39.35:611][371]LogSlate: Window 'Map1_0' being destroyed
[2019.12.08-16.39.35:619][371]LogSlate: Window 'Map1_0' being destroyed
[2019.12.08-16.39.37:747][496]LogUObjectHash: Compacting FUObjectHashTables data took   1.84ms
[2019.12.08-16.39.40:340][496]LogSlate: Window 'Delete Assets' being destroyed
[2019.12.08-16.39.40:444][496]LogUObjectHash: Compacting FUObjectHashTables data took   2.78ms
[2019.12.08-16.39.53:078][622]LogFactory: FactoryCreateFile: Texture with ReimportTextureFactory (0 0 D:\Eshiba\github\SibaStar\FomFMAp\SibaStar-20191208T151859Z-001\Map1.0.png)
[2019.12.08-16.39.53:407][622]LogTexture: Display: Building textures: Map1_0 (AutoDXT, 4096X4096)
[2019.12.08-16.39.56:993][751]LogAssetEditorManager: Opening Asset editor for Texture2D /Game/2DSideScrollerBP/Eshiba/Map/Map1_0.Map1_0
[2019.12.08-16.40.01:347][901]LogSlate: Window 'Map1_0' being destroyed
[2019.12.08-16.40.01:373][901]LogSlate: Window 'Map1_0' being destroyed
[2019.12.08-16.40.06:773][ 76]LogAssetEditorManager: Opening Asset editor for PaperTileSet /Game/2DSideScrollerBP/Eshiba/Map/Map1_0_TileSet.Map1_0_TileSet
[2019.12.08-16.40.07:173][ 76]LogSlate: Took 0.000572 seconds to synchronously load lazily loaded font '../../../Engine/Content/Slate/Fonts/Roboto-BoldCondensed.ttf' (158K)
[2019.12.08-16.40.33:990][110]LogUObjectHash: Compacting FUObjectHashTables data took   4.71ms
[2019.12.08-16.40.33:990][110]LogFileHelpers: Editor autosave (incl. sublevels) for '/Game/2DSideScrollerBP/Maps/2DSideScrollerExampleMap' took 0.086
[2019.12.08-16.40.33:994][110]OBJ SavePackage: Generating thumbnails for [1] asset(s) in package [/Game/2DSideScrollerBP/Eshiba/Map/Map1_0] ([1] browsable assets)...
[2019.12.08-16.40.34:004][110]OBJ SavePackage:     Rendered thumbnail for [Texture2D /Game/2DSideScrollerBP/Eshiba/Map/Map1_0.Map1_0]
[2019.12.08-16.40.34:004][110]OBJ SavePackage: Finished generating thumbnails for package [/Game/2DSideScrollerBP/Eshiba/Map/Map1_0]
[2019.12.08-16.40.34:734][110]LogSavePackage: Moving '../../../../../Eshiba/github/SibaStar/SibaStar/Saved/Map1_0_Auto2FCE0A16A4E0914912D71F9BE118CB6C9.tmp' to '../../../../../Eshiba/github/SibaStar/SibaStar/Saved/Autosaves/Game/2DSideScrollerBP/Eshiba/Map/Map1_0_Auto2.uasset'
[2019.12.08-16.40.34:736][110]OBJ SavePackage: Generating thumbnails for [1] asset(s) in package [/Game/2DSideScrollerBP/Eshiba/Map/Map1_0_TileSet] ([1] browsable assets)...
[2019.12.08-16.40.34:752][110]OBJ SavePackage:     Rendered thumbnail for [PaperTileSet /Game/2DSideScrollerBP/Eshiba/Map/Map1_0_TileSet.Map1_0_TileSet]
[2019.12.08-16.40.34:752][110]OBJ SavePackage: Finished generating thumbnails for package [/Game/2DSideScrollerBP/Eshiba/Map/Map1_0_TileSet]
[2019.12.08-16.40.38:792][110]LogSavePackage: Moving '../../../../../Eshiba/github/SibaStar/SibaStar/Saved/Map1_0_TileSet_Auto2708E269F41CABC24E7E55EAC8E9C3BBA.tmp' to '../../../../../Eshiba/github/SibaStar/SibaStar/Saved/Autosaves/Game/2DSideScrollerBP/Eshiba/Map/Map1_0_TileSet_Auto2.uasset'
[2019.12.08-16.40.38:794][110]LogFileHelpers: Auto-saving content packages took 4.800
[2019.12.08-16.41.14:623][360]Cmd: OBJ SAVEPACKAGE PACKAGE="/Game/2DSideScrollerBP/Eshiba/Map/Map1_0_TileSet" FILE="../../../../../Eshiba/github/SibaStar/SibaStar/Content/2DSideScrollerBP/Eshiba/Map/Map1_0_TileSet.uasset" SILENT=true
[2019.12.08-16.41.14:650][360]LogSavePackage: Moving '../../../../../Eshiba/github/SibaStar/SibaStar/Saved/Map1_0_TileSetAF067B6A43108663F28B329493A0882C.tmp' to '../../../../../Eshiba/github/SibaStar/SibaStar/Content/2DSideScrollerBP/Eshiba/Map/Map1_0_TileSet.uasset'
[2019.12.08-16.41.16:361][444]LogSlate: Window 'Map1_0_TileSet' being destroyed
[2019.12.08-16.41.16:373][444]LogSlate: Window 'Map1_0_TileSet' being destroyed
[2019.12.08-16.41.16:407][444]LogWorld: UWorld::CleanupWorld for World_0, bSessionEnded=true, bCleanupResources=true
[2019.12.08-16.41.37:571][665]LogWindowsTextInputMethodSystem: Display: IME system now deactivated.
[2019.12.08-16.41.37:571][665]LogWindowsTextInputMethodSystem: Display: IME system now deactivated.
[2019.12.08-16.41.59:508][969]Cmd: OBJ SAVEPACKAGE PACKAGE="/Game/2DSideScrollerBP/Eshiba/Map/TileMapTest" FILE="../../../../../Eshiba/github/SibaStar/SibaStar/Content/2DSideScrollerBP/Eshiba/Map/TileMapTest.uasset" SILENT=true
[2019.12.08-16.41.59:516][969]LogSavePackage: Moving '../../../../../Eshiba/github/SibaStar/SibaStar/Saved/TileMapTest37AE05084C3755FF56AA9BA437E4BA47.tmp' to '../../../../../Eshiba/github/SibaStar/SibaStar/Content/2DSideScrollerBP/Eshiba/Map/TileMapTest.uasset'
[2019.12.08-16.41.59:657][969]LogUObjectHash: Compacting FUObjectHashTables data took   3.09ms
[2019.12.08-16.41.59:686][969]LogUObjectHash: Compacting FUObjectHashTables data took   1.68ms
[2019.12.08-16.41.59:708][969]LogUObjectHash: Compacting FUObjectHashTables data took   0.59ms
[2019.12.08-16.42.00:392][998]LogAssetEditorManager: Opening Asset editor for PaperTileMap /Game/2DSideScrollerBP/Eshiba/Map/TileMapTest.TileMapTest
[2019.12.08-16.42.00:643][998]LogRenderer: Reallocating scene render targets to support 1208x920 Format 10 NumSamples 1 (Frame:1).
[2019.12.08-16.42.28:253][704]LogSlate: FSceneViewport::OnFocusLost() reason 0
[2019.12.08-16.42.52:883][553]LogSlate: FSceneViewport::OnFocusLost() reason 0
[2019.12.08-16.42.56:113][675]LogSlate: FSceneViewport::OnFocusLost() reason 0
[2019.12.08-16.43.00:105][852]Cmd: TRANSACTION UNDO
[2019.12.08-16.43.00:106][852]LogEditorTransaction: Undo Tile Painting
[2019.12.08-16.43.02:062][921]LogSlate: FSceneViewport::OnFocusLost() reason 0
[2019.12.08-16.43.10:157][264]LogSlate: FSceneViewport::OnFocusLost() reason 0
[2019.12.08-16.43.26:432][ 44]LogSlate: FSceneViewport::OnFocusLost() reason 0
[2019.12.08-16.43.28:919][177]LogSlate: FSceneViewport::OnFocusLost() reason 0
[2019.12.08-16.43.33:120][392]LogSlate: FSceneViewport::OnFocusLost() reason 0
[2019.12.08-16.43.44:677][741]LogSlate: FSceneViewport::OnFocusLost() reason 0
[2019.12.08-16.43.51:223][904]LogSlate: FSceneViewport::OnFocusLost() reason 0
[2019.12.08-16.43.53:093][950]LogSlate: FSceneViewport::OnFocusLost() reason 0
[2019.12.08-16.43.56:572][ 29]LogSlate: FSceneViewport::OnFocusLost() reason 0
[2019.12.08-16.44.06:665][343]LogSlate: FSceneViewport::OnFocusLost() reason 0
[2019.12.08-16.44.11:272][490]LogSlate: FSceneViewport::OnFocusLost() reason 0
[2019.12.08-16.44.17:152][679]LogSlate: FSceneViewport::OnFocusLost() reason 0
[2019.12.08-16.44.19:817][777]LogSlate: FSceneViewport::OnFocusLost() reason 0
[2019.12.08-16.44.23:294][906]LogSlate: FSceneViewport::OnFocusLost() reason 0
[2019.12.08-16.44.27:760][ 68]LogSlate: FSceneViewport::OnFocusLost() reason 0
[2019.12.08-16.44.44:506][735]Cmd: TRANSACTION UNDO
[2019.12.08-16.44.44:506][735]LogEditorTransaction: Undo Delete Layer
[2019.12.08-16.46.08:521][175]LogSlate: FSceneViewport::OnFocusLost() reason 0
[2019.12.08-16.46.08:648][181]Cmd: OBJ SAVEPACKAGE PACKAGE="/Game/2DSideScrollerBP/Eshiba/Map/TileMapTest" FILE="../../../../../Eshiba/github/SibaStar/SibaStar/Content/2DSideScrollerBP/Eshiba/Map/TileMapTest.uasset" SILENT=true
[2019.12.08-16.46.08:662][181]LogSavePackage: Moving '../../../../../Eshiba/github/SibaStar/SibaStar/Saved/TileMapTest091E9EDB426163B455C336961208BAA8.tmp' to '../../../../../Eshiba/github/SibaStar/SibaStar/Content/2DSideScrollerBP/Eshiba/Map/TileMapTest.uasset'
[2019.12.08-16.46.09:711][203]LogSlate: Window 'TileMapTest' being destroyed
[2019.12.08-16.46.09:739][203]LogSlate: Window 'TileMapTest' being destroyed
[2019.12.08-16.46.09:802][203]LogWorld: UWorld::CleanupWorld for World_1, bSessionEnded=true, bCleanupResources=true
[2019.12.08-16.46.12:288][301]LogAssetEditorManager: Opening Asset editor for PaperTileMap /Game/2DSideScrollerBP/Eshiba/Map/TileMapTest.TileMapTest
[2019.12.08-16.46.13:709][325]LogSlate: Window 'TileMapTest' being destroyed
[2019.12.08-16.46.13:733][325]LogSlate: Window 'TileMapTest' being destroyed
[2019.12.08-16.46.13:798][325]LogWorld: UWorld::CleanupWorld for World_3, bSessionEnded=true, bCleanupResources=true
[2019.12.08-16.55.16:501][264]LogSlate: Window 'New Level' being destroyed
[2019.12.08-16.55.16:510][264]LightingResults: New page: Lighting Build
[2019.12.08-16.55.16:511][264]LogWorld: UWorld::CleanupWorld for 2DSideScrollerExampleMap, bSessionEnded=true, bCleanupResources=true
[2019.12.08-16.55.16:512][264]MapCheck: New page: Map Check
[2019.12.08-16.55.16:512][264]LightingResults: New page: Lighting Build
[2019.12.08-16.55.16:543][264]LogUObjectHash: Compacting FUObjectHashTables data took   2.17ms
[2019.12.08-16.55.16:545][264]LogAIModule: Creating AISystem for world Untitled
[2019.12.08-16.55.16:679][264]LoadErrors: New page: New Map
[2019.12.08-16.55.16:733][264]LogEditorViewport: Clicking Background
[2019.12.08-16.55.20:179][467]LogSlate: FSceneViewport::OnFocusLost() reason 0
[2019.12.08-16.55.43:063][774]LogSlate: FSceneViewport::OnFocusLost() reason 0
[2019.12.08-16.55.46:507][977]LogSlate: FSceneViewport::OnFocusLost() reason 0
[2019.12.08-16.55.48:560][ 94]LogSlate: Took 0.000353 seconds to synchronously load lazily loaded font '../../../Engine/Content/Slate/Fonts/Roboto-Italic.ttf' (157K)
[2019.12.08-16.55.51:722][276]LogTemp: Repeating last play command: Selected Viewport
[2019.12.08-16.55.51:877][276]LogPlayLevel: PlayLevel: No blueprints needed recompiling
[2019.12.08-16.55.51:914][276]PIE: New page: PIE session: Untitled_1 (8 дек. 2019 г., 22:55:51)
[2019.12.08-16.55.51:936][276]LogOnline: OSS: Creating online subsystem instance for: NULL
[2019.12.08-16.55.51:947][276]LogPlayLevel: Creating play world package: /Temp/UEDPIE_0_Untitled_1
[2019.12.08-16.55.51:972][276]LogPlayLevel: PIE: StaticDuplicateObject took: (0.024788s)
[2019.12.08-16.55.51:987][276]LogAIModule: Creating AISystem for world Untitled
[2019.12.08-16.55.52:002][276]LogPlayLevel: PIE: World Init took: (0.029688s)
[2019.12.08-16.55.52:002][276]LogPlayLevel: PIE: Created PIE world by copying editor world from /Temp/Untitled_1.Untitled to /Temp/UEDPIE_0_Untitled_1.Untitled (0.054758s)
[2019.12.08-16.55.52:026][276]LogUObjectHash: Compacting FUObjectHashTables data took   1.66ms
[2019.12.08-16.55.52:126][276]LogInit: XAudio2 using 'Speakers (Realtek High Definition Audio)' : 2 channels at 48 kHz using 32 bits per sample (channel mask 0x3)
[2019.12.08-16.55.52:133][276]LogInit: FAudioDevice initialized.
[2019.12.08-16.55.52:187][276]LogLoad: Game class is '2DSideScrollerGameMode_C'
[2019.12.08-16.55.52:281][276]LogWorld: Bringing World /Temp/UEDPIE_0_Untitled_1.Untitled up for play (max tick rate 60) at 2019.12.08-19.55.52
[2019.12.08-16.55.52:309][276]LogWorld: Bringing up level for play took: 0.028558
[2019.12.08-16.55.52:311][276]LogOnline: OSS: Creating online subsystem instance for: :Context_5
[2019.12.08-16.55.52:461][276]LogContentBrowser: Native class hierarchy updated for 'MovieSceneCapture' in 0.0004 seconds. Added 20 classes and 0 folders.
[2019.12.08-16.55.52:494][276]PIE: Play in editor start time for /Temp/UEDPIE_0_Untitled_1 0,295
[2019.12.08-16.55.54:140][356]LogSlate: Updating window title bar state: overlay mode, drag disabled, window buttons hidden, title bar hidden
[2019.12.08-16.55.54:140][356]LogWorld: BeginTearingDown for /Temp/UEDPIE_0_Untitled_1
[2019.12.08-16.55.54:141][356]LogWorld: UWorld::CleanupWorld for Untitled, bSessionEnded=true, bCleanupResources=true
[2019.12.08-16.55.54:157][356]LogPlayLevel: Display: Shutting down PIE online subsystems
[2019.12.08-16.55.54:186][356]LogSlate: Updating window title bar state: overlay mode, drag disabled, window buttons hidden, title bar hidden
[2019.12.08-16.55.54:190][356]LogUObjectHash: Compacting FUObjectHashTables data took   2.11ms
[2019.12.08-16.55.54:201][357]LogPlayLevel: Display: Destroying online subsystem :Context_5
[2019.12.08-16.56.06:058][ 62]Cmd: DUPLICATE
[2019.12.08-16.56.06:058][ 62]Cmd: ACTOR DUPLICATE
[2019.12.08-16.56.13:456][294]LogEditorViewport: Clicking on Actor (LMB): PaperTileMapActor (TileMapTest)
[2019.12.08-16.56.15:902][383]LogSlate: FSceneViewport::OnFocusLost() reason 0
[2019.12.08-16.56.17:169][429]Cmd: DELETE
[2019.12.08-16.56.17:169][429]Cmd: ACTOR DELETE
[2019.12.08-16.56.17:232][429]LogEditorActor: Deleted Actor: PaperTileMapActor
[2019.12.08-16.56.17:335][429]LogUObjectHash: Compacting FUObjectHashTables data took   5.04ms
[2019.12.08-16.56.17:336][429]LogEditorActor: Deleted 1 Actors (0.167 secs)
[2019.12.08-16.56.18:040][461]LogEditorViewport: Clicking on Actor (LMB): PaperTileMapActor (TileMapTest)
[2019.12.08-16.56.21:278][566]LogSlate: FSceneViewport::OnFocusLost() reason 0
[2019.12.08-16.56.27:515][843]LogEditorViewport: Clicking on Actor (LMB): PaperTileMapActor (TileMapTest)
[2019.12.08-16.56.28:494][890]Cmd: TRANSACTION UNDO
[2019.12.08-16.56.28:494][890]LogEditorTransaction: Undo Clicking on Actors
[2019.12.08-16.56.29:012][909]Cmd: TRANSACTION UNDO
[2019.12.08-16.56.29:012][909]LogEditorTransaction: Undo Clicking on Actors
[2019.12.08-16.56.29:492][929]Cmd: TRANSACTION UNDO
[2019.12.08-16.56.29:492][929]LogEditorTransaction: Undo Clicking on Actors
[2019.12.08-16.56.30:183][965]Cmd: TRANSACTION UNDO
[2019.12.08-16.56.30:183][965]LogEditorTransaction: Undo Delete Actors
[2019.12.08-16.56.30:835][991]Cmd: TRANSACTION UNDO
[2019.12.08-16.56.30:835][991]LogEditorTransaction: Undo Clicking on Actors
[2019.12.08-16.56.31:291][  8]Cmd: TRANSACTION UNDO
[2019.12.08-16.56.31:291][  8]LogEditorTransaction: Undo Clicking on Actors
[2019.12.08-16.56.31:800][ 30]Cmd: TRANSACTION UNDO
[2019.12.08-16.56.31:800][ 30]LogEditorTransaction: Undo Duplicate Actors
[2019.12.08-16.56.32:356][ 51]Cmd: TRANSACTION UNDO
[2019.12.08-16.56.32:356][ 51]LogEditorTransaction: Undo Clicking on Actors
[2019.12.08-16.56.33:425][114]Cmd: TRANSACTION UNDO
[2019.12.08-16.56.33:425][114]LogEditorTransaction: Undo Clicking on Actors
[2019.12.08-16.56.33:935][136]Cmd: TRANSACTION UNDO
[2019.12.08-16.56.33:935][136]LogEditorTransaction: Undo Clicking on Actors
[2019.12.08-16.56.34:324][159]Cmd: TRANSACTION UNDO
[2019.12.08-16.56.34:324][159]LogEditorTransaction: Undo Clicking on Actors
[2019.12.08-16.56.34:673][173]Cmd: TRANSACTION UNDO
[2019.12.08-16.56.34:674][173]LogEditorTransaction: Undo Create Actors
[2019.12.08-16.56.36:855][301]LogSlate: FSceneViewport::OnFocusLost() reason 0
[2019.12.08-16.56.41:896][536]LogSlate: FSceneViewport::OnFocusLost() reason 0
[2019.12.08-16.56.48:640][845]Cmd: DELETE
[2019.12.08-16.56.48:640][845]Cmd: ACTOR DELETE
[2019.12.08-16.56.48:642][845]LogEditorActor: Deleted Actor: PointLight
[2019.12.08-16.56.48:712][845]LogUObjectHash: Compacting FUObjectHashTables data took   3.94ms
[2019.12.08-16.56.48:713][845]LogEditorActor: Deleted 1 Actors (0.073 secs)
[2019.12.08-16.56.49:532][892]LogEditorViewport: Clicking on Actor (LMB): PaperTileMapActor (TileMapTest)
[2019.12.08-16.56.52:847][ 60]LogSlate: FSceneViewport::OnFocusLost() reason 0
[2019.12.08-16.57.05:579][721]LogSlate: FSceneViewport::OnFocusLost() reason 0
[2019.12.08-16.57.05:864][729]LogAssetEditorManager: Opening Asset editor for PaperTileMap /Game/2DSideScrollerBP/Eshiba/Map/TileMapTest.TileMapTest
[2019.12.08-16.57.07:147][765]LogSlate: Window 'TileMapTest' being destroyed
[2019.12.08-16.57.07:161][765]LogSlate: Window 'TileMapTest' being destroyed
[2019.12.08-16.57.07:195][765]LogWorld: UWorld::CleanupWorld for World_4, bSessionEnded=true, bCleanupResources=true
[2019.12.08-16.57.14:813][203]LogEditorViewport: Clicking on Actor (LMB): PaperTileMapActor (TileMapTest)
[2019.12.08-16.57.19:143][450]LogSlate: FSceneViewport::OnFocusLost() reason 0
[2019.12.08-16.57.21:755][591]Cmd: TRANSACTION UNDO
[2019.12.08-16.57.21:755][591]LogEditorTransaction: Undo Rotate Actors
[2019.12.08-16.57.28:329][975]LogSlate: FSceneViewport::OnFocusLost() reason 0
[2019.12.08-16.57.47:446][ 73]LogSlate: FSceneViewport::OnFocusLost() reason 2
[2019.12.08-16.58.23:497][188]LogSlate: Window 'Pick Parent Class' being destroyed
[2019.12.08-16.58.29:265][475]LogUObjectHash: Compacting FUObjectHashTables data took   3.80ms
[2019.12.08-16.58.30:641][475]LogSlate: Window 'Delete Assets' being destroyed
[2019.12.08-16.58.30:851][475]LogUObjectHash: Compacting FUObjectHashTables data took   4.03ms
[2019.12.08-16.58.37:420][625]LogSlate: Window 'Pick Parent Class' being destroyed
[2019.12.08-16.58.44:823][ 53]LogAssetEditorManager: Opening Asset editor for Blueprint /Game/2DSideScrollerBP/Eshiba/Siba/Siba.Siba
[2019.12.08-16.58.45:978][ 53]LogContentBrowser: Native class hierarchy updated for 'BlueprintGraph' in 0.0018 seconds. Added 121 classes and 0 folders.
[2019.12.08-16.58.54:217][239]LogSlate: FSceneViewport::OnFocusLost() reason 0
[2019.12.08-16.59.40:982][847]LogFactory: FactoryCreateFile: Texture with ReimportTextureFactory (0 0 D:\Eshiba\github\SibaStar\FomFMAp\SibaStar-20191208T151859Z-001\SibaStar\IMG_2174.PNG)
[2019.12.08-16.59.41:754][847]LogTexture: Display: Building textures: IMG (AutoDXT, 512X512)
[2019.12.08-16.59.41:754][847]LogOutputDevice: Warning: 

Script Stack (0 frames):

[2019.12.08-16.59.42:338][847]LogStats: FPlatformStackWalk::StackWalkAndDump -  0.584 s
[2019.12.08-16.59.42:338][847]LogOutputDevice: Error: === Handled ensure: ===
[2019.12.08-16.59.42:338][847]LogOutputDevice: Error: 
[2019.12.08-16.59.42:338][847]LogOutputDevice: Error: Ensure condition failed: TextureData.Blocks.Num() == 1 [File:D:/Build/++UE4/Sync/Engine/Source/Runtime/Engine/Private/TextureDerivedDataTask.cpp] [Line: 246]
[2019.12.08-16.59.42:338][847]LogOutputDevice: Error: 
[2019.12.08-16.59.42:338][847]LogOutputDevice: Error: Stack: 
[2019.12.08-16.59.42:338][847]LogOutputDevice: Error: [Callstack] 0x00007ffda52391b9 UE4Editor-Engine.dll!UnknownFunction []
[2019.12.08-16.59.42:338][847]LogOutputDevice: Error: [Callstack] 0x00007ffda4a9899c UE4Editor-Engine.dll!UnknownFunction []
[2019.12.08-16.59.42:338][847]LogOutputDevice: Error: [Callstack] 0x00007ffda4aacff5 UE4Editor-Engine.dll!UnknownFunction []
[2019.12.08-16.59.42:338][847]LogOutputDevice: Error: [Callstack] 0x00007ffda4a994fa UE4Editor-Engine.dll!UnknownFunction []
[2019.12.08-16.59.42:338][847]LogOutputDevice: Error: [Callstack] 0x00007ffda4a997e4 UE4Editor-Engine.dll!UnknownFunction []
[2019.12.08-16.59.42:338][847]LogOutputDevice: Error: [Callstack] 0x00007ffda4a8499e UE4Editor-Engine.dll!UnknownFunction []
[2019.12.08-16.59.42:338][847]LogOutputDevice: Error: [Callstack] 0x00007ffda4a73b78 UE4Editor-Engine.dll!UnknownFunction []
[2019.12.08-16.59.42:338][847]LogOutputDevice: Error: [Callstack] 0x00007ffda687a8fa UE4Editor-CoreUObject.dll!UnknownFunction []
[2019.12.08-16.59.42:338][847]LogOutputDevice: Error: [Callstack] 0x00007ffd6ebc62bc UE4Editor-UnrealEd.dll!UnknownFunction []
[2019.12.08-16.59.42:338][847]LogOutputDevice: Error: [Callstack] 0x00007ffd6e6f0ef2 UE4Editor-UnrealEd.dll!UnknownFunction []
[2019.12.08-16.59.42:338][847]LogOutputDevice: Error: [Callstack] 0x00007ffd6ebc73f2 UE4Editor-UnrealEd.dll!UnknownFunction []
[2019.12.08-16.59.42:338][847]LogOutputDevice: Error: [Callstack] 0x00007ffd6ebd9217 UE4Editor-UnrealEd.dll!UnknownFunction []
[2019.12.08-16.59.42:338][847]LogOutputDevice: Error: [Callstack] 0x00007ffd58e34e79 UE4Editor-AssetTools.dll!UnknownFunction []
[2019.12.08-16.59.42:338][847]LogOutputDevice: Error: [Callstack] 0x00007ffd58e32231 UE4Editor-AssetTools.dll!UnknownFunction []
[2019.12.08-16.59.42:338][847]LogOutputDevice: Error: [Callstack] 0x00007ffd6f258668 UE4Editor-UnrealEd.dll!UnknownFunction []
[2019.12.08-16.59.42:338][847]LogOutputDevice: Error: [Callstack] 0x00007ffd6f23f36f UE4Editor-UnrealEd.dll!UnknownFunction []
[2019.12.08-16.59.42:338][847]LogOutputDevice: Error: [Callstack] 0x00007ffda4aa883e UE4Editor-Engine.dll!UnknownFunction []
[2019.12.08-16.59.42:338][847]LogOutputDevice: Error: [Callstack] 0x00007ffda4adc509 UE4Editor-Engine.dll!UnknownFunction []
[2019.12.08-16.59.42:338][847]LogOutputDevice: Error: [Callstack] 0x00007ffd6eabd1bd UE4Editor-UnrealEd.dll!UnknownFunction []
[2019.12.08-16.59.42:338][847]LogOutputDevice: Error: [Callstack] 0x00007ffd6f314b16 UE4Editor-UnrealEd.dll!UnknownFunction []
[2019.12.08-16.59.42:338][847]LogOutputDevice: Error: [Callstack] 0x00007ff73d237b0a UE4Editor.exe!UnknownFunction []
[2019.12.08-16.59.42:338][847]LogOutputDevice: Error: [Callstack] 0x00007ff73d24a91c UE4Editor.exe!UnknownFunction []
[2019.12.08-16.59.42:338][847]LogOutputDevice: Error: [Callstack] 0x00007ff73d24a9fa UE4Editor.exe!UnknownFunction []
[2019.12.08-16.59.42:338][847]LogOutputDevice: Error: [Callstack] 0x00007ff73d25b92c UE4Editor.exe!UnknownFunction []
[2019.12.08-16.59.42:338][847]LogOutputDevice: Error: [Callstack] 0x00007ff73d25e60e UE4Editor.exe!UnknownFunction []
[2019.12.08-16.59.42:338][847]LogOutputDevice: Error: [Callstack] 0x00007ffdfe857bd4 KERNEL32.DLL!UnknownFunction []
[2019.12.08-16.59.42:338][847]LogOutputDevice: Error: [Callstack] 0x00007ffdfff8ced1 ntdll.dll!UnknownFunction []
[2019.12.08-16.59.42:338][847]LogOutputDevice: Error: 
[2019.12.08-16.59.42:371][847]LogStats:                SubmitErrorReport -  0.000 s
[2019.12.08-16.59.42:957][847]LogStats:                    SendNewReport -  0.586 s
[2019.12.08-16.59.42:957][847]LogStats:             FDebug::EnsureFailed -  1.203 s
[2019.12.08-16.59.43:005][847]LogFactory: FactoryCreateFile: Texture with ReimportTextureFactory (0 0 D:\Eshiba\github\SibaStar\FomFMAp\SibaStar-20191208T151859Z-001\SibaStar\IMG_2175.PNG)
[2019.12.08-16.59.44:967][847]LogSlate: Window 'Message' being destroyed
[2019.12.08-16.59.45:162][847]LogTexture: Display: Building textures: IMG (AutoDXT, 512X512)
[2019.12.08-16.59.45:212][847]LogFactory: FactoryCreateFile: Texture with ReimportTextureFactory (0 0 D:\Eshiba\github\SibaStar\FomFMAp\SibaStar-20191208T151859Z-001\SibaStar\IMG_2176.PNG)
[2019.12.08-16.59.45:390][847]LogTexture: Display: Building textures: IMG (AutoDXT, 512X512)
[2019.12.08-16.59.45:429][847]LogFactory: FactoryCreateFile: Texture with ReimportTextureFactory (0 0 D:\Eshiba\github\SibaStar\FomFMAp\SibaStar-20191208T151859Z-001\SibaStar\IMG_2177.PNG)
[2019.12.08-16.59.45:635][847]LogTexture: Display: Building textures: IMG (AutoDXT, 512X512)
[2019.12.08-16.59.45:678][847]LogFactory: FactoryCreateFile: Texture with ReimportTextureFactory (0 0 D:\Eshiba\github\SibaStar\FomFMAp\SibaStar-20191208T151859Z-001\SibaStar\IMG_2178.PNG)
[2019.12.08-16.59.45:863][847]LogTexture: Display: Building textures: IMG (AutoDXT, 512X512)
[2019.12.08-16.59.45:919][847]LogFactory: FactoryCreateFile: Texture with ReimportTextureFactory (0 0 D:\Eshiba\github\SibaStar\FomFMAp\SibaStar-20191208T151859Z-001\SibaStar\IMG_2179.PNG)
[2019.12.08-16.59.46:090][847]LogTexture: Display: Building textures: IMG (AutoDXT, 512X512)
[2019.12.08-16.59.46:127][847]LogFactory: FactoryCreateFile: Texture with ReimportTextureFactory (0 0 D:\Eshiba\github\SibaStar\FomFMAp\SibaStar-20191208T151859Z-001\SibaStar\IMG_2180.PNG)
[2019.12.08-16.59.46:347][847]LogTexture: Display: Building textures: IMG (AutoDXT, 512X512)
[2019.12.08-16.59.47:737][922]LogAssetEditorManager: Opening Asset editor for Texture2D /Game/2DSideScrollerBP/Eshiba/Siba/IMG.IMG
[2019.12.08-16.59.58:123][215]LogUObjectHash: Compacting FUObjectHashTables data took  14.86ms
[2019.12.08-17.00.00:023][215]LogSlate: Window 'Delete Assets' being destroyed
[2019.12.08-17.00.00:353][215]LogUObjectHash: Compacting FUObjectHashTables data took   8.39ms
[2019.12.08-17.00.23:125][445]AssetReimport: New page: Outstanding source content changes 23:00:23
[2019.12.08-17.00.23:128][445]LogFactory: FactoryCreateFile: Texture with ReimportTextureFactory (0 0 D:/Eshiba/github/SibaStar/SibaStar/Content/2DSideScrollerBP/Eshiba/Siba/IMG_2180.PNG)
[2019.12.08-17.00.23:482][446]LogEditorFactories: Performing atomic reimport of [D:/Eshiba/github/SibaStar/SibaStar/Content/2DSideScrollerBP/Eshiba/Siba/IMG_2180.PNG]
[2019.12.08-17.00.23:483][446]LogFactory: FactoryCreateFile: Texture2D with ReimportTextureFactory (0 0 D:/Eshiba/github/SibaStar/SibaStar/Content/2DSideScrollerBP/Eshiba/Siba/IMG_2180.PNG)
[2019.12.08-17.00.23:485][446]LogWindows: Windows GetLastError: Операция успешно завершена. (0)
[2019.12.08-17.00.25:360][446]LogExit: Executing StaticShutdownAfterError
[2019.12.08-17.00.25:370][446]LogWindows: FPlatformMisc::RequestExit(1)
[2019.12.08-17.00.25:480][446]Log file closed, 12/08/19 20:00:25
